Inicio ejecucion     : 2019-11-15 11:58:26
Script               : /home/raw_rci/attdlkrci3/shells/rci_ingesta_generacion_avro.sh
Numero de argumentos : [5]
#---------------------------------------------------------------#
#---------------------------------------------------------------#
2019-11-15 11:58:26 .... Lectura del archivo: /home/raw_rci/attdlkrci3/config/pro_rci_ingesta_generacion_avro.properties
2019-11-15 11:58:26 .... /home/raw_rci/attdlkrci3/config/pro_rci_ingesta_generacion_avro.properties listo para leer.
2019-11-15 11:58:26 .... *****************************************************
2019-11-15 11:58:26 .... Fecha entera obtenida: 20191115
2019-11-15 11:58:26 .... Fecha anterior obtenida: 20191115
2019-11-15 11:58:26 .... *****************************************************
2019-11-15 11:58:26 .... Se procesara el archivo: /files/working_dir/RCIschemas/tx_ciena.avsc
2019-11-15 11:58:26 .... Se creara tabla: tx_ciena
2019-11-15 11:58:26 .... Location es: hdfs:/data/RCI/stg/hive/staging/Gestores/GC
2019-11-15 11:58:26 .... Path respaldo: /files/working_dir/RCIschemas/processed/
2019-11-15 11:58:26 .... *****************************************************
2019-11-15 11:58:26 .... Generar el avsc generico
2019-11-15 11:58:26 .... Schema:/files/working_dir/RCIschemas/tx_ciena.avsc.
2019-11-15 11:58:26 .... Contador:1.
2019-11-15 11:58:26 .... leer procesados de:
2019-11-15 11:58:26 .... /files/working_dir/RCIschemas/processed/tx_ciena.avsc_processed
2019-11-15 11:58:26 .... Archivo hist:
2019-11-15 11:58:26 .... No hay cambios:create
2019-11-15 11:58:36 .... *****************************************************
2019-11-15 11:58:36 .... 2)Resultado de kite-dataset create tx_ciena
2019-11-15 11:58:36 .... 0
2019-11-15 11:58:36 .... *****************************************************
2019-11-15 11:58:45 .... *****************************************************
2019-11-15 11:58:45 .... 3)Resultado de kite-dataset schema tx_ciena
2019-11-15 11:58:45 .... 0
2019-11-15 11:58:45 .... *****************************************************
2019-11-15 11:58:45 .... Res borrar /files/working_dir/RCIschemas/processed//:0
2019-11-15 11:58:45 .... ./files/working_dir/RCIschemas/tx_ciena.avsc.
2019-11-15 11:58:45 .... ./files/working_dir/RCIschemas/tx_ciena.avsc.
2019-11-15 11:58:45 .... name:/files/working_dir/RCIschemas/processed/tx_ciena.avsc_processed.
2019-11-15 11:58:45 .... *****************************************************
