Inicio ejecucion     : 2019-11-15 17:24:28
Script               : /home/raw_rci/attdlkrci3/shells/rci_ingesta_generacion_avro.sh
Numero de argumentos : [5]
#---------------------------------------------------------------#
#---------------------------------------------------------------#
2019-11-15 17:24:28 .... Lectura del archivo: /home/raw_rci/attdlkrci3/config/pro_rci_ingesta_generacion_avro.properties
2019-11-15 17:24:28 .... /home/raw_rci/attdlkrci3/config/pro_rci_ingesta_generacion_avro.properties listo para leer.
2019-11-15 17:24:28 .... *****************************************************
2019-11-15 17:24:28 .... Fecha entera obtenida: 20191115
2019-11-15 17:24:28 .... Fecha anterior obtenida: 20191115
2019-11-15 17:24:28 .... *****************************************************
2019-11-15 17:24:28 .... Se procesara el archivo: /files/working_dir/RCIschemas/tx_almacen_inventory.avsc
2019-11-15 17:24:28 .... Se creara tabla: tx_almacen_inventory
2019-11-15 17:24:28 .... Location es: hdfs:/data/RCI/stg/hive/staging/SA/inventory
2019-11-15 17:24:28 .... Path respaldo: /files/working_dir/RCIschemas/processed/
2019-11-15 17:24:28 .... *****************************************************
2019-11-15 17:24:28 .... Generar el avsc generico
2019-11-15 17:24:28 .... Schema:/files/working_dir/RCIschemas/tx_almacen_inventory.avsc.
2019-11-15 17:24:28 .... Contador:1.
2019-11-15 17:24:28 .... leer procesados de:
2019-11-15 17:24:28 .... /files/working_dir/RCIschemas/processed/tx_almacen_inventory.avsc_processed
2019-11-15 17:24:28 .... Archivo hist:
2019-11-15 17:24:28 .... No hay cambios:create
2019-11-15 17:24:37 .... *****************************************************
2019-11-15 17:24:37 .... 2)Resultado de kite-dataset create tx_almacen_inventory
2019-11-15 17:24:37 .... 1
2019-11-15 17:24:37 .... *****************************************************
2019-11-15 17:24:46 .... *****************************************************
2019-11-15 17:24:46 .... 3)Resultado de kite-dataset schema tx_almacen_inventory
2019-11-15 17:24:46 .... 0
2019-11-15 17:24:46 .... *****************************************************
2019-11-15 17:24:46 .... Res borrar /files/working_dir/RCIschemas/processed//:0
2019-11-15 17:24:46 .... ./files/working_dir/RCIschemas/tx_almacen_inventory.avsc.
2019-11-15 17:24:46 .... ./files/working_dir/RCIschemas/tx_almacen_inventory.avsc.
2019-11-15 17:24:46 .... name:/files/working_dir/RCIschemas/processed/tx_almacen_inventory.avsc_processed.
2019-11-15 17:24:46 .... *****************************************************
