Inicio ejecucion     : 2019-11-18 18:47:13
Script               : /home/raw_rci/attdlkrci3/shells/rci_ingesta_generacion_avro.sh
Numero de argumentos : [5]
#---------------------------------------------------------------#
#---------------------------------------------------------------#
2019-11-18 18:47:13 .... Lectura del archivo: /home/raw_rci/attdlkrci3/config/pro_rci_ingesta_generacion_avro.properties
2019-11-18 18:47:13 .... /home/raw_rci/attdlkrci3/config/pro_rci_ingesta_generacion_avro.properties listo para leer.
2019-11-18 18:47:13 .... *****************************************************
2019-11-18 18:47:13 .... Fecha entera obtenida: 20191118
2019-11-18 18:47:13 .... Fecha anterior obtenida: 20191118
2019-11-18 18:47:13 .... *****************************************************
2019-11-18 18:47:13 .... Se procesara el archivo: /files/working_dir/RCIschemas/tx_almacen_inventory.avsc
2019-11-18 18:47:13 .... Se creara tabla: tx_almacen_inventory
2019-11-18 18:47:13 .... Location es: hdfs:/data/RCI/stg/hive/staging/SA/inventory
2019-11-18 18:47:13 .... Path respaldo: /files/working_dir/RCIschemas/processed/
2019-11-18 18:47:13 .... *****************************************************
2019-11-18 18:47:13 .... Generar el avsc generico
2019-11-18 18:47:13 .... Schema:/files/working_dir/RCIschemas/tx_almacen_inventory.avsc.
2019-11-18 18:47:13 .... Contador:1.
2019-11-18 18:47:13 .... leer procesados de:
2019-11-18 18:47:13 .... /files/working_dir/RCIschemas/processed/tx_almacen_inventory.avsc_processed
2019-11-18 18:47:13 .... Archivo hist:/files/working_dir/RCIschemas/processed/tx_almacen_inventory.avsc_processed
2019-11-18 18:47:13 .... diferencia:Files /files/working_dir/RCIschemas/processed/tx_almacen_inventory.avsc_processed and /files/working_dir/RCIschemas/tx_almacen_inventory.avsc differ.
2019-11-18 18:47:13 .... Si hubo cambios:update
2019-11-18 18:47:22 .... *****************************************************
2019-11-18 18:47:22 .... 2)Resultado de kite-dataset update tx_almacen_inventory
2019-11-18 18:47:22 .... 0
2019-11-18 18:47:22 .... *****************************************************
2019-11-18 18:47:32 .... *****************************************************
2019-11-18 18:47:32 .... 3)Resultado de kite-dataset schema tx_almacen_inventory
2019-11-18 18:47:32 .... 0
2019-11-18 18:47:32 .... *****************************************************
2019-11-18 18:47:32 .... Res borrar /files/working_dir/RCIschemas/processed//:0
2019-11-18 18:47:32 .... ./files/working_dir/RCIschemas/tx_almacen_inventory.avsc.
2019-11-18 18:47:32 .... ./files/working_dir/RCIschemas/tx_almacen_inventory.avsc.
2019-11-18 18:47:32 .... name:/files/working_dir/RCIschemas/processed/tx_almacen_inventory.avsc_processed.
2019-11-18 18:47:32 .... *****************************************************
