Inicio ejecucion     : 2019-11-15 18:51:12
Script               : /home/raw_rci/attdlkrci3/shells/rci_ingesta_generacion_avro.sh
Numero de argumentos : [5]
#---------------------------------------------------------------#
#---------------------------------------------------------------#
2019-11-15 18:51:12 .... Lectura del archivo: /home/raw_rci/attdlkrci3/config/pro_rci_ingesta_generacion_avro.properties
2019-11-15 18:51:12 .... /home/raw_rci/attdlkrci3/config/pro_rci_ingesta_generacion_avro.properties listo para leer.
2019-11-15 18:51:12 .... *****************************************************
2019-11-15 18:51:12 .... Fecha entera obtenida: 20191115
2019-11-15 18:51:12 .... Fecha anterior obtenida: 20191115
2019-11-15 18:51:12 .... *****************************************************
2019-11-15 18:51:12 .... Se procesara el archivo: /files/working_dir/RCIschemas/tx_finance_cip.avsc
2019-11-15 18:51:12 .... Se creara tabla: tx_finance_cip
2019-11-15 18:51:12 .... Location es: hdfs:/data/RCI/stg/hive/staging/CIP
2019-11-15 18:51:12 .... Path respaldo: /files/working_dir/RCIschemas/processed/
2019-11-15 18:51:12 .... *****************************************************
2019-11-15 18:51:12 .... Generar el avsc generico
2019-11-15 18:51:12 .... Schema:/files/working_dir/RCIschemas/tx_finance_cip.avsc.
2019-11-15 18:51:12 .... Contador:1.
2019-11-15 18:51:12 .... leer procesados de:
2019-11-15 18:51:12 .... /files/working_dir/RCIschemas/processed/tx_finance_cip.avsc_processed
2019-11-15 18:51:12 .... Archivo hist:/files/working_dir/RCIschemas/processed/tx_finance_cip.avsc_processed
2019-11-15 18:51:12 .... diferencia:Files /files/working_dir/RCIschemas/processed/tx_finance_cip.avsc_processed and /files/working_dir/RCIschemas/tx_finance_cip.avsc differ.
2019-11-15 18:51:12 .... Si hubo cambios:update
2019-11-15 18:51:22 .... *****************************************************
2019-11-15 18:51:22 .... 2)Resultado de kite-dataset update tx_finance_cip
2019-11-15 18:51:22 .... 0
2019-11-15 18:51:22 .... *****************************************************
2019-11-15 18:51:31 .... *****************************************************
2019-11-15 18:51:31 .... 3)Resultado de kite-dataset schema tx_finance_cip
2019-11-15 18:51:31 .... 0
2019-11-15 18:51:31 .... *****************************************************
2019-11-15 18:51:31 .... Res borrar /files/working_dir/RCIschemas/processed//:0
2019-11-15 18:51:31 .... ./files/working_dir/RCIschemas/tx_finance_cip.avsc.
2019-11-15 18:51:31 .... ./files/working_dir/RCIschemas/tx_finance_cip.avsc.
2019-11-15 18:51:31 .... name:/files/working_dir/RCIschemas/processed/tx_finance_cip.avsc_processed.
2019-11-15 18:51:31 .... *****************************************************
