Inicio ejecucion     : 2019-11-15 14:34:09
Script               : /home/raw_rci/attdlkrci3/shells/rci_ingesta_generacion_avro.sh
Numero de argumentos : [5]
#---------------------------------------------------------------#
#---------------------------------------------------------------#
2019-11-15 14:34:09 .... Lectura del archivo: /home/raw_rci/attdlkrci3/config/pro_rci_ingesta_generacion_avro.properties
2019-11-15 14:34:09 .... /home/raw_rci/attdlkrci3/config/pro_rci_ingesta_generacion_avro.properties listo para leer.
2019-11-15 14:34:09 .... *****************************************************
2019-11-15 14:34:09 .... Fecha entera obtenida: 20191115
2019-11-15 14:34:09 .... Fecha anterior obtenida: 20191115
2019-11-15 14:34:09 .... *****************************************************
2019-11-15 14:34:09 .... Se procesara el archivo: /files/working_dir/RCIschemas/tx_soem_ne.avsc
2019-11-15 14:34:09 .... Se creara tabla: tx_soem_ne
2019-11-15 14:34:09 .... Location es: hdfs:/data/RCI/stg/hive/staging/Gestores/SOEM
2019-11-15 14:34:09 .... Path respaldo: /files/working_dir/RCIschemas/processed/
2019-11-15 14:34:09 .... *****************************************************
2019-11-15 14:34:09 .... Generar el avsc generico
2019-11-15 14:34:09 .... Schema:/files/working_dir/RCIschemas/tx_soem_ne.avsc.
2019-11-15 14:34:09 .... Contador:1.
2019-11-15 14:34:09 .... leer procesados de:
2019-11-15 14:34:09 .... /files/working_dir/RCIschemas/processed/tx_soem_ne.avsc_processed
2019-11-15 14:34:09 .... Archivo hist:
2019-11-15 14:34:09 .... No hay cambios:create
2019-11-15 14:34:19 .... *****************************************************
2019-11-15 14:34:19 .... 2)Resultado de kite-dataset create tx_soem_ne
2019-11-15 14:34:19 .... 0
2019-11-15 14:34:19 .... *****************************************************
2019-11-15 14:34:28 .... *****************************************************
2019-11-15 14:34:28 .... 3)Resultado de kite-dataset schema tx_soem_ne
2019-11-15 14:34:28 .... 0
2019-11-15 14:34:28 .... *****************************************************
2019-11-15 14:34:28 .... Res borrar /files/working_dir/RCIschemas/processed//:0
2019-11-15 14:34:28 .... ./files/working_dir/RCIschemas/tx_soem_ne.avsc.
2019-11-15 14:34:28 .... ./files/working_dir/RCIschemas/tx_soem_ne.avsc.
2019-11-15 14:34:28 .... name:/files/working_dir/RCIschemas/processed/tx_soem_ne.avsc_processed.
2019-11-15 14:34:28 .... *****************************************************
