Inicio ejecucion     : 2019-11-15 15:08:41
Script               : /home/raw_rci/attdlkrci3/shells/rci_ingesta_generacion_avro.sh
Numero de argumentos : [5]
#---------------------------------------------------------------#
#---------------------------------------------------------------#
2019-11-15 15:08:41 .... Lectura del archivo: /home/raw_rci/attdlkrci3/config/pro_rci_ingesta_generacion_avro.properties
2019-11-15 15:08:41 .... /home/raw_rci/attdlkrci3/config/pro_rci_ingesta_generacion_avro.properties listo para leer.
2019-11-15 15:08:41 .... *****************************************************
2019-11-15 15:08:41 .... Fecha entera obtenida: 20191115
2019-11-15 15:08:41 .... Fecha anterior obtenida: 20191115
2019-11-15 15:08:41 .... *****************************************************
2019-11-15 15:08:41 .... Se procesara el archivo: /files/working_dir/RCIschemas/tx_fixed_asset.avsc
2019-11-15 15:08:41 .... Se creara tabla: tx_fixed_asset
2019-11-15 15:08:41 .... Location es: hdfs:/data/RCI/stg/hive/staging/AF
2019-11-15 15:08:41 .... Path respaldo: /files/working_dir/RCIschemas/processed/
2019-11-15 15:08:41 .... *****************************************************
2019-11-15 15:08:41 .... Generar el avsc generico
2019-11-15 15:08:41 .... Schema:/files/working_dir/RCIschemas/tx_fixed_asset.avsc.
2019-11-15 15:08:41 .... Contador:1.
2019-11-15 15:08:41 .... leer procesados de:
2019-11-15 15:08:41 .... /files/working_dir/RCIschemas/processed/tx_fixed_asset.avsc_processed
2019-11-15 15:08:41 .... Archivo hist:/files/working_dir/RCIschemas/processed/tx_fixed_asset.avsc_processed
2019-11-15 15:08:41 .... diferencia:Files /files/working_dir/RCIschemas/processed/tx_fixed_asset.avsc_processed and /files/working_dir/RCIschemas/tx_fixed_asset.avsc differ.
2019-11-15 15:08:41 .... Si hubo cambios:update
2019-11-15 15:08:50 .... *****************************************************
2019-11-15 15:08:50 .... 2)Resultado de kite-dataset update tx_fixed_asset
2019-11-15 15:08:50 .... 1
2019-11-15 15:08:50 .... *****************************************************
2019-11-15 15:09:00 .... *****************************************************
2019-11-15 15:09:00 .... 3)Resultado de kite-dataset schema tx_fixed_asset
2019-11-15 15:09:00 .... 0
2019-11-15 15:09:00 .... *****************************************************
2019-11-15 15:09:00 .... Res borrar /files/working_dir/RCIschemas/processed//:0
2019-11-15 15:09:00 .... ./files/working_dir/RCIschemas/tx_fixed_asset.avsc.
2019-11-15 15:09:00 .... ./files/working_dir/RCIschemas/tx_fixed_asset.avsc.
2019-11-15 15:09:00 .... name:/files/working_dir/RCIschemas/processed/tx_fixed_asset.avsc_processed.
2019-11-15 15:09:00 .... *****************************************************
