Inicio ejecucion     : 2019-11-19 12:42:37
Script               : /home/raw_rci/attdlkrci3/shells/rci_ingesta_generacion_avro.sh
Numero de argumentos : [5]
#---------------------------------------------------------------#
#---------------------------------------------------------------#
2019-11-19 12:42:37 .... Lectura del archivo: /home/raw_rci/attdlkrci3/config/pro_rci_ingesta_generacion_avro.properties
2019-11-19 12:42:37 .... /home/raw_rci/attdlkrci3/config/pro_rci_ingesta_generacion_avro.properties listo para leer.
2019-11-19 12:42:37 .... *****************************************************
2019-11-19 12:42:37 .... Fecha entera obtenida: 20191119
2019-11-19 12:42:37 .... Fecha anterior obtenida: 20191119
2019-11-19 12:42:37 .... *****************************************************
2019-11-19 12:42:37 .... Se procesara el archivo: /files/working_dir/RCIschemas/tx_sedona_huawei.avsc
2019-11-19 12:42:37 .... Se creara tabla: tx_sedona_huawei
2019-11-19 12:42:37 .... Location es: hdfs:/data/RCI/stg/hive/staging/Gestores/SEDONA/HUAWEI
2019-11-19 12:42:37 .... Path respaldo: /files/working_dir/RCIschemas/processed/
2019-11-19 12:42:37 .... *****************************************************
2019-11-19 12:42:37 .... Generar el avsc generico
2019-11-19 12:42:37 .... Schema:/files/working_dir/RCIschemas/tx_sedona_huawei.avsc.
2019-11-19 12:42:37 .... Contador:1.
2019-11-19 12:42:37 .... leer procesados de:
2019-11-19 12:42:37 .... /files/working_dir/RCIschemas/processed/tx_sedona_huawei.avsc_processed
2019-11-19 12:42:37 .... Archivo hist:
2019-11-19 12:42:37 .... No hay cambios:create
2019-11-19 12:42:47 .... *****************************************************
2019-11-19 12:42:47 .... 2)Resultado de kite-dataset create tx_sedona_huawei
2019-11-19 12:42:47 .... 0
2019-11-19 12:42:47 .... *****************************************************
2019-11-19 12:42:57 .... *****************************************************
2019-11-19 12:42:57 .... 3)Resultado de kite-dataset schema tx_sedona_huawei
2019-11-19 12:42:57 .... 0
2019-11-19 12:42:57 .... *****************************************************
2019-11-19 12:42:57 .... Res borrar /files/working_dir/RCIschemas/processed//:0
2019-11-19 12:42:57 .... ./files/working_dir/RCIschemas/tx_sedona_huawei.avsc.
2019-11-19 12:42:57 .... ./files/working_dir/RCIschemas/tx_sedona_huawei.avsc.
2019-11-19 12:42:57 .... name:/files/working_dir/RCIschemas/processed/tx_sedona_huawei.avsc_processed.
2019-11-19 12:42:57 .... *****************************************************
