Inicio ejecucion     : 2019-11-19 16:36:07
Script               : /home/raw_rci/attdlkrci3/shells/rci_ingesta_generacion_avro.sh
Numero de argumentos : [5]
#---------------------------------------------------------------#
#---------------------------------------------------------------#
2019-11-19 16:36:07 .... Lectura del archivo: /home/raw_rci/attdlkrci3/config/pro_rci_ingesta_generacion_avro.properties
2019-11-19 16:36:07 .... /home/raw_rci/attdlkrci3/config/pro_rci_ingesta_generacion_avro.properties listo para leer.
2019-11-19 16:36:07 .... *****************************************************
2019-11-19 16:36:07 .... Fecha entera obtenida: 20191119
2019-11-19 16:36:07 .... Fecha anterior obtenida: 20191119
2019-11-19 16:36:07 .... *****************************************************
2019-11-19 16:36:07 .... Se procesara el archivo: /files/working_dir/RCIschemas/tx_finance_cip.avsc
2019-11-19 16:36:07 .... Se creara tabla: tx_finance_cip
2019-11-19 16:36:07 .... Location es: hdfs:/data/RCI/stg/hive/staging/CIP
2019-11-19 16:36:07 .... Path respaldo: /files/working_dir/RCIschemas/processed/
2019-11-19 16:36:07 .... *****************************************************
2019-11-19 16:36:07 .... Generar el avsc generico
2019-11-19 16:36:07 .... Schema:/files/working_dir/RCIschemas/tx_finance_cip.avsc.
2019-11-19 16:36:07 .... Contador:1.
2019-11-19 16:36:07 .... leer procesados de:
2019-11-19 16:36:07 .... /files/working_dir/RCIschemas/processed/tx_finance_cip.avsc_processed
2019-11-19 16:36:07 .... Archivo hist:/files/working_dir/RCIschemas/processed/tx_finance_cip.avsc_processed
2019-11-19 16:36:07 .... diferencia:Files /files/working_dir/RCIschemas/processed/tx_finance_cip.avsc_processed and /files/working_dir/RCIschemas/tx_finance_cip.avsc differ.
2019-11-19 16:36:07 .... Si hubo cambios:update
2019-11-19 16:36:16 .... *****************************************************
2019-11-19 16:36:16 .... 2)Resultado de kite-dataset update tx_finance_cip
2019-11-19 16:36:16 .... 0
2019-11-19 16:36:16 .... *****************************************************
2019-11-19 16:36:26 .... *****************************************************
2019-11-19 16:36:26 .... 3)Resultado de kite-dataset schema tx_finance_cip
2019-11-19 16:36:26 .... 0
2019-11-19 16:36:26 .... *****************************************************
2019-11-19 16:36:26 .... Res borrar /files/working_dir/RCIschemas/processed//:0
2019-11-19 16:36:26 .... ./files/working_dir/RCIschemas/tx_finance_cip.avsc.
2019-11-19 16:36:26 .... ./files/working_dir/RCIschemas/tx_finance_cip.avsc.
2019-11-19 16:36:26 .... name:/files/working_dir/RCIschemas/processed/tx_finance_cip.avsc_processed.
2019-11-19 16:36:26 .... *****************************************************
