Inicio ejecucion     : 2019-11-15 14:41:18
Script               : /home/raw_rci/attdlkrci3/shells/rci_ingesta_generacion_avro.sh
Numero de argumentos : [5]
#---------------------------------------------------------------#
#---------------------------------------------------------------#
2019-11-15 14:41:18 .... Lectura del archivo: /home/raw_rci/attdlkrci3/config/pro_rci_ingesta_generacion_avro.properties
2019-11-15 14:41:18 .... /home/raw_rci/attdlkrci3/config/pro_rci_ingesta_generacion_avro.properties listo para leer.
2019-11-15 14:41:18 .... *****************************************************
2019-11-15 14:41:19 .... Fecha entera obtenida: 20191115
2019-11-15 14:41:19 .... Fecha anterior obtenida: 20191115
2019-11-15 14:41:19 .... *****************************************************
2019-11-15 14:41:19 .... Se procesara el archivo: /files/working_dir/RCIschemas/tx_fixed_asset.avsc
2019-11-15 14:41:19 .... Se creara tabla: tx_fixed_asset
2019-11-15 14:41:19 .... Location es: hdfs:/data/RCI/stg/hive/staging/AF
2019-11-15 14:41:19 .... Path respaldo: /files/working_dir/RCIschemas/processed/
2019-11-15 14:41:19 .... *****************************************************
2019-11-15 14:41:19 .... Generar el avsc generico
2019-11-15 14:41:19 .... Schema:/files/working_dir/RCIschemas/tx_fixed_asset.avsc.
2019-11-15 14:41:19 .... Contador:1.
2019-11-15 14:41:19 .... leer procesados de:
2019-11-15 14:41:19 .... /files/working_dir/RCIschemas/processed/tx_fixed_asset.avsc_processed
2019-11-15 14:41:19 .... Archivo hist:/files/working_dir/RCIschemas/processed/tx_fixed_asset.avsc_processed
2019-11-15 14:41:19 .... diferencia:Files /files/working_dir/RCIschemas/processed/tx_fixed_asset.avsc_processed and /files/working_dir/RCIschemas/tx_fixed_asset.avsc differ.
2019-11-15 14:41:19 .... Si hubo cambios:update
2019-11-15 14:41:28 .... *****************************************************
2019-11-15 14:41:28 .... 2)Resultado de kite-dataset update tx_fixed_asset
2019-11-15 14:41:28 .... 0
2019-11-15 14:41:28 .... *****************************************************
2019-11-15 14:41:37 .... *****************************************************
2019-11-15 14:41:37 .... 3)Resultado de kite-dataset schema tx_fixed_asset
2019-11-15 14:41:37 .... 0
2019-11-15 14:41:37 .... *****************************************************
2019-11-15 14:41:37 .... Res borrar /files/working_dir/RCIschemas/processed//:0
2019-11-15 14:41:37 .... ./files/working_dir/RCIschemas/tx_fixed_asset.avsc.
2019-11-15 14:41:37 .... ./files/working_dir/RCIschemas/tx_fixed_asset.avsc.
2019-11-15 14:41:37 .... name:/files/working_dir/RCIschemas/processed/tx_fixed_asset.avsc_processed.
2019-11-15 14:41:37 .... *****************************************************
