Inicio ejecucion     : 2019-11-15 21:56:24
Script               : /home/raw_rci/attdlkrci3/shells/rci_ingesta_generacion_avro.sh
Numero de argumentos : [5]
#---------------------------------------------------------------#
#---------------------------------------------------------------#
2019-11-15 21:56:24 .... Lectura del archivo: /home/raw_rci/attdlkrci3/config/pro_rci_ingesta_generacion_avro.properties
2019-11-15 21:56:24 .... /home/raw_rci/attdlkrci3/config/pro_rci_ingesta_generacion_avro.properties listo para leer.
2019-11-15 21:56:24 .... *****************************************************
2019-11-15 21:56:24 .... Fecha entera obtenida: 20191115
2019-11-15 21:56:24 .... Fecha anterior obtenida: 20191115
2019-11-15 21:56:24 .... *****************************************************
2019-11-15 21:56:24 .... Se procesara el archivo: /files/working_dir/RCIschemas/tx_almacen_inventory.avsc
2019-11-15 21:56:24 .... Se creara tabla: tx_almacen_inventory
2019-11-15 21:56:24 .... Location es: hdfs:/data/RCI/stg/hive/staging/SA/inventory
2019-11-15 21:56:24 .... Path respaldo: /files/working_dir/RCIschemas/processed/
2019-11-15 21:56:24 .... *****************************************************
2019-11-15 21:56:24 .... Generar el avsc generico
2019-11-15 21:56:24 .... Schema:/files/working_dir/RCIschemas/tx_almacen_inventory.avsc.
2019-11-15 21:56:24 .... Contador:1.
2019-11-15 21:56:24 .... leer procesados de:
2019-11-15 21:56:24 .... /files/working_dir/RCIschemas/processed/tx_almacen_inventory.avsc_processed
2019-11-15 21:56:24 .... Archivo hist:/files/working_dir/RCIschemas/processed/tx_almacen_inventory.avsc_processed
2019-11-15 21:56:24 .... diferencia:Files /files/working_dir/RCIschemas/processed/tx_almacen_inventory.avsc_processed and /files/working_dir/RCIschemas/tx_almacen_inventory.avsc differ.
2019-11-15 21:56:24 .... Si hubo cambios:update
2019-11-15 21:56:33 .... *****************************************************
2019-11-15 21:56:33 .... 2)Resultado de kite-dataset update tx_almacen_inventory
2019-11-15 21:56:33 .... 0
2019-11-15 21:56:33 .... *****************************************************
2019-11-15 21:56:42 .... *****************************************************
2019-11-15 21:56:42 .... 3)Resultado de kite-dataset schema tx_almacen_inventory
2019-11-15 21:56:42 .... 0
2019-11-15 21:56:42 .... *****************************************************
2019-11-15 21:56:42 .... Res borrar /files/working_dir/RCIschemas/processed//:0
2019-11-15 21:56:42 .... ./files/working_dir/RCIschemas/tx_almacen_inventory.avsc.
2019-11-15 21:56:42 .... ./files/working_dir/RCIschemas/tx_almacen_inventory.avsc.
2019-11-15 21:56:42 .... name:/files/working_dir/RCIschemas/processed/tx_almacen_inventory.avsc_processed.
2019-11-15 21:56:42 .... *****************************************************
