Inicio ejecucion     : 2019-11-19 15:48:40
Script               : /home/raw_rci/attdlkrci3/shells/rci_ingesta_generacion_avro.sh
Numero de argumentos : [5]
#---------------------------------------------------------------#
#---------------------------------------------------------------#
2019-11-19 15:48:40 .... Lectura del archivo: /home/raw_rci/attdlkrci3/config/pro_rci_ingesta_generacion_avro.properties
2019-11-19 15:48:40 .... /home/raw_rci/attdlkrci3/config/pro_rci_ingesta_generacion_avro.properties listo para leer.
2019-11-19 15:48:40 .... *****************************************************
2019-11-19 15:48:40 .... Fecha entera obtenida: 20191119
2019-11-19 15:48:40 .... Fecha anterior obtenida: 20191119
2019-11-19 15:48:40 .... *****************************************************
2019-11-19 15:48:40 .... Se procesara el archivo: /files/working_dir/RCIschemas/tx_finance_cip.avsc
2019-11-19 15:48:40 .... Se creara tabla: tx_finance_cip
2019-11-19 15:48:40 .... Location es: hdfs:/data/RCI/stg/hive/staging/CIP
2019-11-19 15:48:40 .... Path respaldo: /files/working_dir/RCIschemas/processed/
2019-11-19 15:48:40 .... *****************************************************
2019-11-19 15:48:40 .... Generar el avsc generico
2019-11-19 15:48:40 .... Schema:/files/working_dir/RCIschemas/tx_finance_cip.avsc.
2019-11-19 15:48:40 .... Contador:1.
2019-11-19 15:48:40 .... leer procesados de:
2019-11-19 15:48:40 .... /files/working_dir/RCIschemas/processed/tx_finance_cip.avsc_processed
2019-11-19 15:48:40 .... Archivo hist:
2019-11-19 15:48:40 .... No hay cambios:create
2019-11-19 15:48:50 .... *****************************************************
2019-11-19 15:48:50 .... 2)Resultado de kite-dataset create tx_finance_cip
2019-11-19 15:48:50 .... 0
2019-11-19 15:48:50 .... *****************************************************
2019-11-19 15:48:59 .... *****************************************************
2019-11-19 15:48:59 .... 3)Resultado de kite-dataset schema tx_finance_cip
2019-11-19 15:48:59 .... 0
2019-11-19 15:48:59 .... *****************************************************
2019-11-19 15:48:59 .... Res borrar /files/working_dir/RCIschemas/processed//:0
2019-11-19 15:48:59 .... ./files/working_dir/RCIschemas/tx_finance_cip.avsc.
2019-11-19 15:48:59 .... ./files/working_dir/RCIschemas/tx_finance_cip.avsc.
2019-11-19 15:48:59 .... name:/files/working_dir/RCIschemas/processed/tx_finance_cip.avsc_processed.
2019-11-19 15:48:59 .... *****************************************************
