Inicio ejecucion     : 2019-11-18 14:32:47
Script               : /home/raw_rci/attdlkrci3/shells/rci_ingesta_generacion_avro.sh
Numero de argumentos : [5]
#---------------------------------------------------------------#
#---------------------------------------------------------------#
2019-11-18 14:32:47 .... Lectura del archivo: /home/raw_rci/attdlkrci3/config/pro_rci_ingesta_generacion_avro.properties
2019-11-18 14:32:47 .... /home/raw_rci/attdlkrci3/config/pro_rci_ingesta_generacion_avro.properties listo para leer.
2019-11-18 14:32:47 .... *****************************************************
2019-11-18 14:32:47 .... Fecha entera obtenida: 20191118
2019-11-18 14:32:47 .... Fecha anterior obtenida: 20191118
2019-11-18 14:32:47 .... *****************************************************
2019-11-18 14:32:47 .... Se procesara el archivo: /files/working_dir/RCIschemas/tx_netcm_others.avsc
2019-11-18 14:32:47 .... Se creara tabla: tx_netcm_others
2019-11-18 14:32:47 .... Location es: hdfs:/data/RCI/stg/hive/staging/Gestores/NECTM/OTHERS
2019-11-18 14:32:47 .... Path respaldo: /files/working_dir/RCIschemas/processed/
2019-11-18 14:32:47 .... *****************************************************
2019-11-18 14:32:47 .... Generar el avsc generico
2019-11-18 14:32:47 .... Schema:/files/working_dir/RCIschemas/tx_netcm_others.avsc.
2019-11-18 14:32:47 .... Contador:1.
2019-11-18 14:32:47 .... leer procesados de:
2019-11-18 14:32:47 .... /files/working_dir/RCIschemas/processed/tx_netcm_others.avsc_processed
2019-11-18 14:32:47 .... Archivo hist:/files/working_dir/RCIschemas/processed/tx_netcm_others.avsc_processed
2019-11-18 14:32:47 .... diferencia:Files /files/working_dir/RCIschemas/processed/tx_netcm_others.avsc_processed and /files/working_dir/RCIschemas/tx_netcm_others.avsc differ.
2019-11-18 14:32:47 .... Si hubo cambios:update
2019-11-18 14:32:56 .... *****************************************************
2019-11-18 14:32:56 .... 2)Resultado de kite-dataset update tx_netcm_others
2019-11-18 14:32:56 .... 0
2019-11-18 14:32:56 .... *****************************************************
2019-11-18 14:33:06 .... *****************************************************
2019-11-18 14:33:06 .... 3)Resultado de kite-dataset schema tx_netcm_others
2019-11-18 14:33:06 .... 0
2019-11-18 14:33:06 .... *****************************************************
2019-11-18 14:33:06 .... Res borrar /files/working_dir/RCIschemas/processed//:0
2019-11-18 14:33:06 .... ./files/working_dir/RCIschemas/tx_netcm_others.avsc.
2019-11-18 14:33:06 .... ./files/working_dir/RCIschemas/tx_netcm_others.avsc.
2019-11-18 14:33:06 .... name:/files/working_dir/RCIschemas/processed/tx_netcm_others.avsc_processed.
2019-11-18 14:33:06 .... *****************************************************
