Inicio ejecucion     : 2019-11-15 20:46:33
Script               : /home/raw_rci/attdlkrci3/shells/rci_ingesta_generacion_avro.sh
Numero de argumentos : [5]
#---------------------------------------------------------------#
#---------------------------------------------------------------#
2019-11-15 20:46:33 .... Lectura del archivo: /home/raw_rci/attdlkrci3/config/pro_rci_ingesta_generacion_avro.properties
2019-11-15 20:46:33 .... /home/raw_rci/attdlkrci3/config/pro_rci_ingesta_generacion_avro.properties listo para leer.
2019-11-15 20:46:33 .... *****************************************************
2019-11-15 20:46:33 .... Fecha entera obtenida: 20191115
2019-11-15 20:46:33 .... Fecha anterior obtenida: 20191115
2019-11-15 20:46:33 .... *****************************************************
2019-11-15 20:46:33 .... Se procesara el archivo: /files/working_dir/RCIschemas/tx_almacen_inventory.avsc
2019-11-15 20:46:33 .... Se creara tabla: tx_almacen_inventory
2019-11-15 20:46:33 .... Location es: hdfs:/data/RCI/stg/hive/staging/SA/inventory
2019-11-15 20:46:33 .... Path respaldo: /files/working_dir/RCIschemas/processed/
2019-11-15 20:46:33 .... *****************************************************
2019-11-15 20:46:33 .... Generar el avsc generico
2019-11-15 20:46:33 .... Schema:/files/working_dir/RCIschemas/tx_almacen_inventory.avsc.
2019-11-15 20:46:33 .... Contador:1.
2019-11-15 20:46:33 .... leer procesados de:
2019-11-15 20:46:33 .... /files/working_dir/RCIschemas/processed/tx_almacen_inventory.avsc_processed
2019-11-15 20:46:33 .... Archivo hist:/files/working_dir/RCIschemas/processed/tx_almacen_inventory.avsc_processed
2019-11-15 20:46:33 .... diferencia:Files /files/working_dir/RCIschemas/processed/tx_almacen_inventory.avsc_processed and /files/working_dir/RCIschemas/tx_almacen_inventory.avsc differ.
2019-11-15 20:46:33 .... Si hubo cambios:update
2019-11-15 20:46:43 .... *****************************************************
2019-11-15 20:46:43 .... 2)Resultado de kite-dataset update tx_almacen_inventory
2019-11-15 20:46:43 .... 0
2019-11-15 20:46:43 .... *****************************************************
2019-11-15 20:46:52 .... *****************************************************
2019-11-15 20:46:52 .... 3)Resultado de kite-dataset schema tx_almacen_inventory
2019-11-15 20:46:52 .... 0
2019-11-15 20:46:52 .... *****************************************************
2019-11-15 20:46:52 .... Res borrar /files/working_dir/RCIschemas/processed//:0
2019-11-15 20:46:52 .... ./files/working_dir/RCIschemas/tx_almacen_inventory.avsc.
2019-11-15 20:46:52 .... ./files/working_dir/RCIschemas/tx_almacen_inventory.avsc.
2019-11-15 20:46:52 .... name:/files/working_dir/RCIschemas/processed/tx_almacen_inventory.avsc_processed.
2019-11-15 20:46:52 .... *****************************************************
