Inicio ejecucion     : 2019-11-15 15:37:08
Script               : /home/raw_rci/attdlkrci3/shells/rci_ingesta_generacion_avro.sh
Numero de argumentos : [5]
#---------------------------------------------------------------#
#---------------------------------------------------------------#
2019-11-15 15:37:08 .... Lectura del archivo: /home/raw_rci/attdlkrci3/config/pro_rci_ingesta_generacion_avro.properties
2019-11-15 15:37:08 .... /home/raw_rci/attdlkrci3/config/pro_rci_ingesta_generacion_avro.properties listo para leer.
2019-11-15 15:37:08 .... *****************************************************
2019-11-15 15:37:08 .... Fecha entera obtenida: 20191115
2019-11-15 15:37:08 .... Fecha anterior obtenida: 20191115
2019-11-15 15:37:08 .... *****************************************************
2019-11-15 15:37:08 .... Se procesara el archivo: /files/working_dir/RCIschemas/tx_soem_hw.avsc
2019-11-15 15:37:08 .... Se creara tabla: tx_soem_hw
2019-11-15 15:37:08 .... Location es: hdfs:/data/RCI/stg/hive/staging/Gestores/SOEM/HW
2019-11-15 15:37:08 .... Path respaldo: /files/working_dir/RCIschemas/processed/
2019-11-15 15:37:08 .... *****************************************************
2019-11-15 15:37:08 .... Generar el avsc generico
2019-11-15 15:37:08 .... Schema:/files/working_dir/RCIschemas/tx_soem_hw.avsc.
2019-11-15 15:37:08 .... Contador:1.
2019-11-15 15:37:08 .... leer procesados de:
2019-11-15 15:37:08 .... /files/working_dir/RCIschemas/processed/tx_soem_hw.avsc_processed
2019-11-15 15:37:08 .... Archivo hist:
2019-11-15 15:37:08 .... No hay cambios:create
2019-11-15 15:37:17 .... *****************************************************
2019-11-15 15:37:17 .... 2)Resultado de kite-dataset create tx_soem_hw
2019-11-15 15:37:17 .... 1
2019-11-15 15:37:17 .... *****************************************************
2019-11-15 15:37:26 .... *****************************************************
2019-11-15 15:37:26 .... 3)Resultado de kite-dataset schema tx_soem_hw
2019-11-15 15:37:26 .... 1
2019-11-15 15:37:26 .... *****************************************************
2019-11-15 15:37:26 .... Res borrar /files/working_dir/RCIschemas/processed//:0
2019-11-15 15:37:26 .... ./files/working_dir/RCIschemas/tx_soem_hw.avsc.
2019-11-15 15:37:26 .... ./files/working_dir/RCIschemas/tx_soem_hw.avsc.
2019-11-15 15:37:26 .... name:/files/working_dir/RCIschemas/processed/tx_soem_hw.avsc_processed.
2019-11-15 15:37:26 .... *****************************************************
