Inicio ejecucion     : 2019-11-18 18:30:27
Script               : /home/raw_rci/attdlkrci3/shells/rci_ingesta_generacion_avro.sh
Numero de argumentos : [5]
#---------------------------------------------------------------#
#---------------------------------------------------------------#
2019-11-18 18:30:27 .... Lectura del archivo: /home/raw_rci/attdlkrci3/config/pro_rci_ingesta_generacion_avro.properties
2019-11-18 18:30:27 .... /home/raw_rci/attdlkrci3/config/pro_rci_ingesta_generacion_avro.properties listo para leer.
2019-11-18 18:30:27 .... *****************************************************
2019-11-18 18:30:27 .... Fecha entera obtenida: 20191118
2019-11-18 18:30:27 .... Fecha anterior obtenida: 20191118
2019-11-18 18:30:27 .... *****************************************************
2019-11-18 18:30:27 .... Se procesara el archivo: /files/working_dir/RCIschemas/tx_almacen_inventory.avsc
2019-11-18 18:30:27 .... Se creara tabla: tx_almacen_inventory
2019-11-18 18:30:27 .... Location es: hdfs:/data/RCI/stg/hive/staging/SA/inventory
2019-11-18 18:30:27 .... Path respaldo: /files/working_dir/RCIschemas/processed/
2019-11-18 18:30:27 .... *****************************************************
2019-11-18 18:30:27 .... Generar el avsc generico
2019-11-18 18:30:27 .... Schema:/files/working_dir/RCIschemas/tx_almacen_inventory.avsc.
2019-11-18 18:30:27 .... Contador:1.
2019-11-18 18:30:27 .... leer procesados de:
2019-11-18 18:30:27 .... /files/working_dir/RCIschemas/processed/tx_almacen_inventory.avsc_processed
2019-11-18 18:30:27 .... Archivo hist:/files/working_dir/RCIschemas/processed/tx_almacen_inventory.avsc_processed
2019-11-18 18:30:27 .... diferencia:Files /files/working_dir/RCIschemas/processed/tx_almacen_inventory.avsc_processed and /files/working_dir/RCIschemas/tx_almacen_inventory.avsc differ.
2019-11-18 18:30:27 .... Si hubo cambios:update
2019-11-18 18:30:36 .... *****************************************************
2019-11-18 18:30:36 .... 2)Resultado de kite-dataset update tx_almacen_inventory
2019-11-18 18:30:36 .... 0
2019-11-18 18:30:36 .... *****************************************************
2019-11-18 18:30:46 .... *****************************************************
2019-11-18 18:30:46 .... 3)Resultado de kite-dataset schema tx_almacen_inventory
2019-11-18 18:30:46 .... 0
2019-11-18 18:30:46 .... *****************************************************
2019-11-18 18:30:46 .... Res borrar /files/working_dir/RCIschemas/processed//:0
2019-11-18 18:30:46 .... ./files/working_dir/RCIschemas/tx_almacen_inventory.avsc.
2019-11-18 18:30:46 .... ./files/working_dir/RCIschemas/tx_almacen_inventory.avsc.
2019-11-18 18:30:46 .... name:/files/working_dir/RCIschemas/processed/tx_almacen_inventory.avsc_processed.
2019-11-18 18:30:46 .... *****************************************************
