Inicio ejecucion     : 2019-11-15 16:32:49
Script               : /home/raw_rci/attdlkrci3/shells/rci_ingesta_generacion_avro.sh
Numero de argumentos : [5]
#---------------------------------------------------------------#
#---------------------------------------------------------------#
2019-11-15 16:32:49 .... Lectura del archivo: /home/raw_rci/attdlkrci3/config/pro_rci_ingesta_generacion_avro.properties
2019-11-15 16:32:49 .... /home/raw_rci/attdlkrci3/config/pro_rci_ingesta_generacion_avro.properties listo para leer.
2019-11-15 16:32:49 .... *****************************************************
2019-11-15 16:32:49 .... Fecha entera obtenida: 20191115
2019-11-15 16:32:49 .... Fecha anterior obtenida: 20191115
2019-11-15 16:32:49 .... *****************************************************
2019-11-15 16:32:49 .... Se procesara el archivo: /files/working_dir/RCIschemas/tx_fixed_asset.avsc
2019-11-15 16:32:49 .... Se creara tabla: tx_fixed_asset
2019-11-15 16:32:49 .... Location es: hdfs:/data/RCI/stg/hive/staging/AF
2019-11-15 16:32:49 .... Path respaldo: /files/working_dir/RCIschemas/processed/
2019-11-15 16:32:49 .... *****************************************************
2019-11-15 16:32:49 .... Generar el avsc generico
2019-11-15 16:32:49 .... Schema:/files/working_dir/RCIschemas/tx_fixed_asset.avsc.
2019-11-15 16:32:49 .... Contador:1.
2019-11-15 16:32:49 .... leer procesados de:
2019-11-15 16:32:49 .... /files/working_dir/RCIschemas/processed/tx_fixed_asset.avsc_processed
2019-11-15 16:32:49 .... Archivo hist:/files/working_dir/RCIschemas/processed/tx_fixed_asset.avsc_processed
2019-11-15 16:32:49 .... diferencia:Files /files/working_dir/RCIschemas/processed/tx_fixed_asset.avsc_processed and /files/working_dir/RCIschemas/tx_fixed_asset.avsc differ.
2019-11-15 16:32:49 .... Si hubo cambios:update
2019-11-15 16:32:58 .... *****************************************************
2019-11-15 16:32:58 .... 2)Resultado de kite-dataset update tx_fixed_asset
2019-11-15 16:32:58 .... 0
2019-11-15 16:32:58 .... *****************************************************
2019-11-15 16:33:07 .... *****************************************************
2019-11-15 16:33:07 .... 3)Resultado de kite-dataset schema tx_fixed_asset
2019-11-15 16:33:07 .... 0
2019-11-15 16:33:07 .... *****************************************************
2019-11-15 16:33:07 .... Res borrar /files/working_dir/RCIschemas/processed//:0
2019-11-15 16:33:07 .... ./files/working_dir/RCIschemas/tx_fixed_asset.avsc.
2019-11-15 16:33:07 .... ./files/working_dir/RCIschemas/tx_fixed_asset.avsc.
2019-11-15 16:33:07 .... name:/files/working_dir/RCIschemas/processed/tx_fixed_asset.avsc_processed.
2019-11-15 16:33:08 .... *****************************************************
