Inicio ejecucion     : 2019-11-18 14:31:59
Script               : /home/raw_rci/attdlkrci3/shells/rci_ingesta_generacion_avro.sh
Numero de argumentos : [5]
#---------------------------------------------------------------#
#---------------------------------------------------------------#
2019-11-18 14:31:59 .... Lectura del archivo: /home/raw_rci/attdlkrci3/config/pro_rci_ingesta_generacion_avro.properties
2019-11-18 14:31:59 .... /home/raw_rci/attdlkrci3/config/pro_rci_ingesta_generacion_avro.properties listo para leer.
2019-11-18 14:31:59 .... *****************************************************
2019-11-18 14:31:59 .... Fecha entera obtenida: 20191118
2019-11-18 14:31:59 .... Fecha anterior obtenida: 20191118
2019-11-18 14:31:59 .... *****************************************************
2019-11-18 14:31:59 .... Se procesara el archivo: /files/working_dir/RCIschemas/tx_finance_cip.avsc
2019-11-18 14:31:59 .... Se creara tabla: tx_finance_cip
2019-11-18 14:31:59 .... Location es: hdfs:/data/RCI/stg/hive/staging/CIP
2019-11-18 14:31:59 .... Path respaldo: /files/working_dir/RCIschemas/processed/
2019-11-18 14:31:59 .... *****************************************************
2019-11-18 14:31:59 .... Generar el avsc generico
2019-11-18 14:31:59 .... Schema:/files/working_dir/RCIschemas/tx_finance_cip.avsc.
2019-11-18 14:31:59 .... Contador:1.
2019-11-18 14:31:59 .... leer procesados de:
2019-11-18 14:31:59 .... /files/working_dir/RCIschemas/processed/tx_finance_cip.avsc_processed
2019-11-18 14:31:59 .... Archivo hist:/files/working_dir/RCIschemas/processed/tx_finance_cip.avsc_processed
2019-11-18 14:31:59 .... diferencia:Files /files/working_dir/RCIschemas/processed/tx_finance_cip.avsc_processed and /files/working_dir/RCIschemas/tx_finance_cip.avsc differ.
2019-11-18 14:31:59 .... Si hubo cambios:update
2019-11-18 14:32:09 .... *****************************************************
2019-11-18 14:32:09 .... 2)Resultado de kite-dataset update tx_finance_cip
2019-11-18 14:32:09 .... 0
2019-11-18 14:32:09 .... *****************************************************
2019-11-18 14:32:18 .... *****************************************************
2019-11-18 14:32:18 .... 3)Resultado de kite-dataset schema tx_finance_cip
2019-11-18 14:32:18 .... 0
2019-11-18 14:32:18 .... *****************************************************
2019-11-18 14:32:18 .... Res borrar /files/working_dir/RCIschemas/processed//:0
2019-11-18 14:32:18 .... ./files/working_dir/RCIschemas/tx_finance_cip.avsc.
2019-11-18 14:32:18 .... ./files/working_dir/RCIschemas/tx_finance_cip.avsc.
2019-11-18 14:32:18 .... name:/files/working_dir/RCIschemas/processed/tx_finance_cip.avsc_processed.
2019-11-18 14:32:18 .... *****************************************************
