Inicio ejecucion     : 2019-11-15 15:07:17
Script               : /home/raw_rci/attdlkrci3/shells/rci_ingesta_generacion_avro.sh
Numero de argumentos : [5]
#---------------------------------------------------------------#
#---------------------------------------------------------------#
2019-11-15 15:07:17 .... Lectura del archivo: /home/raw_rci/attdlkrci3/config/pro_rci_ingesta_generacion_avro.properties
2019-11-15 15:07:17 .... /home/raw_rci/attdlkrci3/config/pro_rci_ingesta_generacion_avro.properties listo para leer.
2019-11-15 15:07:17 .... *****************************************************
2019-11-15 15:07:17 .... Fecha entera obtenida: 20191115
2019-11-15 15:07:17 .... Fecha anterior obtenida: 20191115
2019-11-15 15:07:17 .... *****************************************************
2019-11-15 15:07:17 .... Se procesara el archivo: /files/working_dir/RCIschemas/tx_fixed_asset.avsc
2019-11-15 15:07:17 .... Se creara tabla: tx_fixed_asset
2019-11-15 15:07:17 .... Location es: hdfs:/data/RCI/stg/hive/staging/AF
2019-11-15 15:07:17 .... Path respaldo: /files/working_dir/RCIschemas/processed/
2019-11-15 15:07:17 .... *****************************************************
2019-11-15 15:07:17 .... Generar el avsc generico
2019-11-15 15:07:17 .... Schema:/files/working_dir/RCIschemas/tx_fixed_asset.avsc.
2019-11-15 15:07:17 .... Contador:1.
2019-11-15 15:07:17 .... leer procesados de:
2019-11-15 15:07:17 .... /files/working_dir/RCIschemas/processed/tx_fixed_asset.avsc_processed
2019-11-15 15:07:17 .... Archivo hist:/files/working_dir/RCIschemas/processed/tx_fixed_asset.avsc_processed
2019-11-15 15:07:17 .... diferencia:.
2019-11-15 15:07:17 .... No hay cambios:create
2019-11-15 15:07:26 .... *****************************************************
2019-11-15 15:07:26 .... 2)Resultado de kite-dataset create tx_fixed_asset
2019-11-15 15:07:26 .... 1
2019-11-15 15:07:26 .... *****************************************************
2019-11-15 15:07:36 .... *****************************************************
2019-11-15 15:07:36 .... 3)Resultado de kite-dataset schema tx_fixed_asset
2019-11-15 15:07:36 .... 0
2019-11-15 15:07:36 .... *****************************************************
2019-11-15 15:07:36 .... Res borrar /files/working_dir/RCIschemas/processed//:0
2019-11-15 15:07:36 .... ./files/working_dir/RCIschemas/tx_fixed_asset.avsc.
2019-11-15 15:07:36 .... ./files/working_dir/RCIschemas/tx_fixed_asset.avsc.
2019-11-15 15:07:36 .... name:/files/working_dir/RCIschemas/processed/tx_fixed_asset.avsc_processed.
2019-11-15 15:07:36 .... *****************************************************
