Inicio ejecucion     : 2019-11-18 18:12:34
Script               : /home/raw_rci/attdlkrci3/shells/rci_ingesta_generacion_avro.sh
Numero de argumentos : [5]
#---------------------------------------------------------------#
#---------------------------------------------------------------#
2019-11-18 18:12:34 .... Lectura del archivo: /home/raw_rci/attdlkrci3/config/pro_rci_ingesta_generacion_avro.properties
2019-11-18 18:12:34 .... /home/raw_rci/attdlkrci3/config/pro_rci_ingesta_generacion_avro.properties listo para leer.
2019-11-18 18:12:34 .... *****************************************************
2019-11-18 18:12:34 .... Fecha entera obtenida: 20191118
2019-11-18 18:12:34 .... Fecha anterior obtenida: 20191118
2019-11-18 18:12:34 .... *****************************************************
2019-11-18 18:12:34 .... Se procesara el archivo: /files/working_dir/RCIschemas/tx_almacen_inventory.avsc
2019-11-18 18:12:34 .... Se creara tabla: tx_almacen_inventory
2019-11-18 18:12:34 .... Location es: hdfs:/data/RCI/stg/hive/staging/SA/inventory
2019-11-18 18:12:34 .... Path respaldo: /files/working_dir/RCIschemas/processed/
2019-11-18 18:12:34 .... *****************************************************
2019-11-18 18:12:34 .... Generar el avsc generico
2019-11-18 18:12:34 .... Schema:/files/working_dir/RCIschemas/tx_almacen_inventory.avsc.
2019-11-18 18:12:34 .... Contador:1.
2019-11-18 18:12:34 .... leer procesados de:
2019-11-18 18:12:34 .... /files/working_dir/RCIschemas/processed/tx_almacen_inventory.avsc_processed
2019-11-18 18:12:34 .... Archivo hist:/files/working_dir/RCIschemas/processed/tx_almacen_inventory.avsc_processed
2019-11-18 18:12:34 .... diferencia:Files /files/working_dir/RCIschemas/processed/tx_almacen_inventory.avsc_processed and /files/working_dir/RCIschemas/tx_almacen_inventory.avsc differ.
2019-11-18 18:12:34 .... Si hubo cambios:update
2019-11-18 18:12:44 .... *****************************************************
2019-11-18 18:12:44 .... 2)Resultado de kite-dataset update tx_almacen_inventory
2019-11-18 18:12:44 .... 0
2019-11-18 18:12:44 .... *****************************************************
2019-11-18 18:12:53 .... *****************************************************
2019-11-18 18:12:53 .... 3)Resultado de kite-dataset schema tx_almacen_inventory
2019-11-18 18:12:53 .... 0
2019-11-18 18:12:53 .... *****************************************************
2019-11-18 18:12:53 .... Res borrar /files/working_dir/RCIschemas/processed//:0
2019-11-18 18:12:53 .... ./files/working_dir/RCIschemas/tx_almacen_inventory.avsc.
2019-11-18 18:12:53 .... ./files/working_dir/RCIschemas/tx_almacen_inventory.avsc.
2019-11-18 18:12:53 .... name:/files/working_dir/RCIschemas/processed/tx_almacen_inventory.avsc_processed.
2019-11-18 18:12:53 .... *****************************************************
