Inicio ejecucion     : 2019-11-15 22:26:49
Script               : /home/raw_rci/attdlkrci3/shells/rci_ingesta_generacion_avro.sh
Numero de argumentos : [5]
#---------------------------------------------------------------#
#---------------------------------------------------------------#
2019-11-15 22:26:49 .... Lectura del archivo: /home/raw_rci/attdlkrci3/config/pro_rci_ingesta_generacion_avro.properties
2019-11-15 22:26:49 .... /home/raw_rci/attdlkrci3/config/pro_rci_ingesta_generacion_avro.properties listo para leer.
2019-11-15 22:26:49 .... *****************************************************
2019-11-15 22:26:49 .... Fecha entera obtenida: 20191115
2019-11-15 22:26:49 .... Fecha anterior obtenida: 20191115
2019-11-15 22:26:49 .... *****************************************************
2019-11-15 22:26:49 .... Se procesara el archivo: /files/working_dir/RCIschemas/tx_netcm_others.avsc
2019-11-15 22:26:49 .... Se creara tabla: tx_netcm_others
2019-11-15 22:26:49 .... Location es: hdfs:/data/RCI/stg/hive/staging/Gestores/NECTM/OTHERS
2019-11-15 22:26:49 .... Path respaldo: /files/working_dir/RCIschemas/processed/
2019-11-15 22:26:49 .... *****************************************************
2019-11-15 22:26:49 .... Generar el avsc generico
2019-11-15 22:26:49 .... Schema:/files/working_dir/RCIschemas/tx_netcm_others.avsc.
2019-11-15 22:26:49 .... Contador:1.
2019-11-15 22:26:49 .... leer procesados de:
2019-11-15 22:26:49 .... /files/working_dir/RCIschemas/processed/tx_netcm_others.avsc_processed
2019-11-15 22:26:49 .... Archivo hist:/files/working_dir/RCIschemas/processed/tx_netcm_others.avsc_processed
2019-11-15 22:26:49 .... diferencia:Files /files/working_dir/RCIschemas/processed/tx_netcm_others.avsc_processed and /files/working_dir/RCIschemas/tx_netcm_others.avsc differ.
2019-11-15 22:26:49 .... Si hubo cambios:update
2019-11-15 22:26:58 .... *****************************************************
2019-11-15 22:26:58 .... 2)Resultado de kite-dataset update tx_netcm_others
2019-11-15 22:26:58 .... 0
2019-11-15 22:26:58 .... *****************************************************
2019-11-15 22:27:08 .... *****************************************************
2019-11-15 22:27:08 .... 3)Resultado de kite-dataset schema tx_netcm_others
2019-11-15 22:27:08 .... 0
2019-11-15 22:27:08 .... *****************************************************
2019-11-15 22:27:08 .... Res borrar /files/working_dir/RCIschemas/processed//:0
2019-11-15 22:27:08 .... ./files/working_dir/RCIschemas/tx_netcm_others.avsc.
2019-11-15 22:27:08 .... ./files/working_dir/RCIschemas/tx_netcm_others.avsc.
2019-11-15 22:27:08 .... name:/files/working_dir/RCIschemas/processed/tx_netcm_others.avsc_processed.
2019-11-15 22:27:08 .... *****************************************************
