Inicio ejecucion     : 2019-11-15 16:02:37
Script               : /home/raw_rci/attdlkrci3/shells/rci_ingesta_generacion_avro.sh
Numero de argumentos : [5]
#---------------------------------------------------------------#
#---------------------------------------------------------------#
2019-11-15 16:02:37 .... Lectura del archivo: /home/raw_rci/attdlkrci3/config/pro_rci_ingesta_generacion_avro.properties
2019-11-15 16:02:37 .... /home/raw_rci/attdlkrci3/config/pro_rci_ingesta_generacion_avro.properties listo para leer.
2019-11-15 16:02:37 .... *****************************************************
2019-11-15 16:02:37 .... Fecha entera obtenida: 20191115
2019-11-15 16:02:37 .... Fecha anterior obtenida: 20191115
2019-11-15 16:02:37 .... *****************************************************
2019-11-15 16:02:37 .... Se procesara el archivo: /files/working_dir/RCIschemas/tx_soem_ne.avsc
2019-11-15 16:02:37 .... Se creara tabla: tx_soem_ne
2019-11-15 16:02:37 .... Location es: hdfs:/data/RCI/stg/hive/staging/Gestores/SOEM/NE
2019-11-15 16:02:37 .... Path respaldo: /files/working_dir/RCIschemas/processed/
2019-11-15 16:02:37 .... *****************************************************
2019-11-15 16:02:37 .... Generar el avsc generico
2019-11-15 16:02:37 .... Schema:/files/working_dir/RCIschemas/tx_soem_ne.avsc.
2019-11-15 16:02:37 .... Contador:1.
2019-11-15 16:02:37 .... leer procesados de:
2019-11-15 16:02:37 .... /files/working_dir/RCIschemas/processed/tx_soem_ne.avsc_processed
2019-11-15 16:02:37 .... Archivo hist:/files/working_dir/RCIschemas/processed/tx_soem_ne.avsc_processed
2019-11-15 16:02:37 .... diferencia:Files /files/working_dir/RCIschemas/processed/tx_soem_ne.avsc_processed and /files/working_dir/RCIschemas/tx_soem_ne.avsc differ.
2019-11-15 16:02:37 .... Si hubo cambios:update
2019-11-15 16:02:47 .... *****************************************************
2019-11-15 16:02:47 .... 2)Resultado de kite-dataset update tx_soem_ne
2019-11-15 16:02:47 .... 0
2019-11-15 16:02:47 .... *****************************************************
2019-11-15 16:02:56 .... *****************************************************
2019-11-15 16:02:56 .... 3)Resultado de kite-dataset schema tx_soem_ne
2019-11-15 16:02:56 .... 0
2019-11-15 16:02:56 .... *****************************************************
2019-11-15 16:02:56 .... Res borrar /files/working_dir/RCIschemas/processed//:0
2019-11-15 16:02:56 .... ./files/working_dir/RCIschemas/tx_soem_ne.avsc.
2019-11-15 16:02:56 .... ./files/working_dir/RCIschemas/tx_soem_ne.avsc.
2019-11-15 16:02:56 .... name:/files/working_dir/RCIschemas/processed/tx_soem_ne.avsc_processed.
2019-11-15 16:02:56 .... *****************************************************
