Inicio ejecucion     : 2019-11-15 11:51:23
Script               : /home/raw_rci/attdlkrci3/shells/rci_ingesta_generacion_avro.sh
Numero de argumentos : [5]
#---------------------------------------------------------------#
#---------------------------------------------------------------#
2019-11-15 11:51:23 .... Lectura del archivo: /home/raw_rci/attdlkrci3/config/pro_rci_ingesta_generacion_avro.properties
2019-11-15 11:51:23 .... /home/raw_rci/attdlkrci3/config/pro_rci_ingesta_generacion_avro.properties listo para leer.
2019-11-15 11:51:23 .... *****************************************************
2019-11-15 11:51:23 .... Fecha entera obtenida: 20191115
2019-11-15 11:51:23 .... Fecha anterior obtenida: 20191115
2019-11-15 11:51:23 .... *****************************************************
2019-11-15 11:51:23 .... Se procesara el archivo: /files/working_dir/RCIschemas/tx_fixed_asset.avsc
2019-11-15 11:51:23 .... Se creara tabla: tx_fixed_asset
2019-11-15 11:51:23 .... Location es: hdfs:/data/RCI/stg/hive/staging/AF
2019-11-15 11:51:23 .... Path respaldo: /files/working_dir/RCIschemas/processed/
2019-11-15 11:51:23 .... *****************************************************
2019-11-15 11:51:23 .... Generar el avsc generico
2019-11-15 11:51:23 .... Schema:/files/working_dir/RCIschemas/tx_fixed_asset.avsc.
2019-11-15 11:51:23 .... Contador:1.
2019-11-15 11:51:23 .... leer procesados de:
2019-11-15 11:51:23 .... /files/working_dir/RCIschemas/processed/tx_fixed_asset.avsc_processed
2019-11-15 11:51:23 .... Archivo hist:
2019-11-15 11:51:23 .... No hay cambios:create
2019-11-15 11:51:32 .... *****************************************************
2019-11-15 11:51:32 .... 2)Resultado de kite-dataset create tx_fixed_asset
2019-11-15 11:51:32 .... 1
2019-11-15 11:51:32 .... *****************************************************
2019-11-15 11:51:41 .... *****************************************************
2019-11-15 11:51:41 .... 3)Resultado de kite-dataset schema tx_fixed_asset
2019-11-15 11:51:41 .... 1
2019-11-15 11:51:41 .... *****************************************************
2019-11-15 11:51:41 .... Res borrar /files/working_dir/RCIschemas/processed//:0
2019-11-15 11:51:41 .... ./files/working_dir/RCIschemas/tx_fixed_asset.avsc.
2019-11-15 11:51:41 .... ./files/working_dir/RCIschemas/tx_fixed_asset.avsc.
2019-11-15 11:51:41 .... name:/files/working_dir/RCIschemas/processed/tx_fixed_asset.avsc_processed.
2019-11-15 11:51:41 .... *****************************************************
