Inicio ejecucion     : 2019-11-15 12:10:43
Script               : /home/raw_rci/attdlkrci3/shells/rci_ingesta_generacion_avro.sh
Numero de argumentos : [5]
#---------------------------------------------------------------#
#---------------------------------------------------------------#
2019-11-15 12:10:43 .... Lectura del archivo: /home/raw_rci/attdlkrci3/config/pro_rci_ingesta_generacion_avro.properties
2019-11-15 12:10:43 .... /home/raw_rci/attdlkrci3/config/pro_rci_ingesta_generacion_avro.properties listo para leer.
2019-11-15 12:10:43 .... *****************************************************
2019-11-15 12:10:43 .... Fecha entera obtenida: 20191115
2019-11-15 12:10:43 .... Fecha anterior obtenida: 20191115
2019-11-15 12:10:43 .... *****************************************************
2019-11-15 12:10:43 .... Se procesara el archivo: /files/working_dir/RCIschemas/tx_fixed_asset.avsc
2019-11-15 12:10:43 .... Se creara tabla: tx_fixed_asset
2019-11-15 12:10:43 .... Location es: hdfs:/data/RCI/stg/hive/staging/AF
2019-11-15 12:10:43 .... Path respaldo: /files/working_dir/RCIschemas/processed/
2019-11-15 12:10:43 .... *****************************************************
2019-11-15 12:10:43 .... Generar el avsc generico
2019-11-15 12:10:43 .... Schema:/files/working_dir/RCIschemas/tx_fixed_asset.avsc.
2019-11-15 12:10:43 .... Contador:1.
2019-11-15 12:10:43 .... leer procesados de:
2019-11-15 12:10:43 .... /files/working_dir/RCIschemas/processed/tx_fixed_asset.avsc_processed
2019-11-15 12:10:43 .... Archivo hist:
2019-11-15 12:10:43 .... No hay cambios:create
2019-11-15 12:10:53 .... *****************************************************
2019-11-15 12:10:53 .... 2)Resultado de kite-dataset create tx_fixed_asset
2019-11-15 12:10:53 .... 0
2019-11-15 12:10:53 .... *****************************************************
2019-11-15 12:11:02 .... *****************************************************
2019-11-15 12:11:02 .... 3)Resultado de kite-dataset schema tx_fixed_asset
2019-11-15 12:11:02 .... 0
2019-11-15 12:11:02 .... *****************************************************
2019-11-15 12:11:02 .... Res borrar /files/working_dir/RCIschemas/processed//:0
2019-11-15 12:11:02 .... ./files/working_dir/RCIschemas/tx_fixed_asset.avsc.
2019-11-15 12:11:02 .... ./files/working_dir/RCIschemas/tx_fixed_asset.avsc.
2019-11-15 12:11:02 .... name:/files/working_dir/RCIschemas/processed/tx_fixed_asset.avsc_processed.
2019-11-15 12:11:02 .... *****************************************************
