Inicio ejecucion     : 2019-11-15 15:45:56
Script               : /home/raw_rci/attdlkrci3/shells/rci_ingesta_generacion_avro.sh
Numero de argumentos : [5]
#---------------------------------------------------------------#
#---------------------------------------------------------------#
2019-11-15 15:45:56 .... Lectura del archivo: /home/raw_rci/attdlkrci3/config/pro_rci_ingesta_generacion_avro.properties
2019-11-15 15:45:56 .... /home/raw_rci/attdlkrci3/config/pro_rci_ingesta_generacion_avro.properties listo para leer.
2019-11-15 15:45:56 .... *****************************************************
2019-11-15 15:45:56 .... Fecha entera obtenida: 20191115
2019-11-15 15:45:56 .... Fecha anterior obtenida: 20191115
2019-11-15 15:45:56 .... *****************************************************
2019-11-15 15:45:56 .... Se procesara el archivo: /files/working_dir/RCIschemas/tx_soem_ne.avsc
2019-11-15 15:45:56 .... Se creara tabla: tx_soem_ne
2019-11-15 15:45:56 .... Location es: hdfs:/data/RCI/stg/hive/staging/Gestores/SOEM/NE
2019-11-15 15:45:56 .... Path respaldo: /files/working_dir/RCIschemas/processed/
2019-11-15 15:45:56 .... *****************************************************
2019-11-15 15:45:56 .... Generar el avsc generico
2019-11-15 15:45:56 .... Schema:/files/working_dir/RCIschemas/tx_soem_ne.avsc.
2019-11-15 15:45:56 .... Contador:1.
2019-11-15 15:45:56 .... leer procesados de:
2019-11-15 15:45:56 .... /files/working_dir/RCIschemas/processed/tx_soem_ne.avsc_processed
2019-11-15 15:45:56 .... Archivo hist:
2019-11-15 15:45:56 .... No hay cambios:create
2019-11-15 15:46:06 .... *****************************************************
2019-11-15 15:46:06 .... 2)Resultado de kite-dataset create tx_soem_ne
2019-11-15 15:46:06 .... 0
2019-11-15 15:46:06 .... *****************************************************
2019-11-15 15:46:16 .... *****************************************************
2019-11-15 15:46:16 .... 3)Resultado de kite-dataset schema tx_soem_ne
2019-11-15 15:46:16 .... 0
2019-11-15 15:46:16 .... *****************************************************
2019-11-15 15:46:16 .... Res borrar /files/working_dir/RCIschemas/processed//:0
2019-11-15 15:46:16 .... ./files/working_dir/RCIschemas/tx_soem_ne.avsc.
2019-11-15 15:46:16 .... ./files/working_dir/RCIschemas/tx_soem_ne.avsc.
2019-11-15 15:46:16 .... name:/files/working_dir/RCIschemas/processed/tx_soem_ne.avsc_processed.
2019-11-15 15:46:16 .... *****************************************************
