Inicio ejecucion     : 2019-11-15 18:35:54
Script               : /home/raw_rci/attdlkrci3/shells/rci_ingesta_generacion_avro.sh
Numero de argumentos : [5]
#---------------------------------------------------------------#
#---------------------------------------------------------------#
2019-11-15 18:35:54 .... Lectura del archivo: /home/raw_rci/attdlkrci3/config/pro_rci_ingesta_generacion_avro.properties
2019-11-15 18:35:54 .... /home/raw_rci/attdlkrci3/config/pro_rci_ingesta_generacion_avro.properties listo para leer.
2019-11-15 18:35:54 .... *****************************************************
2019-11-15 18:35:54 .... Fecha entera obtenida: 20191115
2019-11-15 18:35:54 .... Fecha anterior obtenida: 20191115
2019-11-15 18:35:54 .... *****************************************************
2019-11-15 18:35:54 .... Se procesara el archivo: /files/working_dir/RCIschemas/tx_almacen_inventory.avsc
2019-11-15 18:35:54 .... Se creara tabla: tx_almacen_inventory
2019-11-15 18:35:54 .... Location es: hdfs:/data/RCI/stg/hive/staging/SA/inventory
2019-11-15 18:35:54 .... Path respaldo: /files/working_dir/RCIschemas/processed/
2019-11-15 18:35:54 .... *****************************************************
2019-11-15 18:35:54 .... Generar el avsc generico
2019-11-15 18:35:54 .... Schema:/files/working_dir/RCIschemas/tx_almacen_inventory.avsc.
2019-11-15 18:35:54 .... Contador:1.
2019-11-15 18:35:54 .... leer procesados de:
2019-11-15 18:35:54 .... /files/working_dir/RCIschemas/processed/tx_almacen_inventory.avsc_processed
2019-11-15 18:35:54 .... Archivo hist:
2019-11-15 18:35:54 .... No hay cambios:create
2019-11-15 18:36:04 .... *****************************************************
2019-11-15 18:36:05 .... 2)Resultado de kite-dataset create tx_almacen_inventory
2019-11-15 18:36:05 .... 0
2019-11-15 18:36:05 .... *****************************************************
2019-11-15 18:36:14 .... *****************************************************
2019-11-15 18:36:14 .... 3)Resultado de kite-dataset schema tx_almacen_inventory
2019-11-15 18:36:14 .... 0
2019-11-15 18:36:14 .... *****************************************************
2019-11-15 18:36:14 .... Res borrar /files/working_dir/RCIschemas/processed//:0
2019-11-15 18:36:14 .... ./files/working_dir/RCIschemas/tx_almacen_inventory.avsc.
2019-11-15 18:36:14 .... ./files/working_dir/RCIschemas/tx_almacen_inventory.avsc.
2019-11-15 18:36:14 .... name:/files/working_dir/RCIschemas/processed/tx_almacen_inventory.avsc_processed.
2019-11-15 18:36:14 .... *****************************************************
