Inicio ejecucion     : 2019-11-15 23:00:51
Script               : /home/raw_rci/attdlkrci3/shells/rci_ingesta_generacion_avro.sh
Numero de argumentos : [5]
#---------------------------------------------------------------#
#---------------------------------------------------------------#
2019-11-15 23:00:51 .... Lectura del archivo: /home/raw_rci/attdlkrci3/config/pro_rci_ingesta_generacion_avro.properties
2019-11-15 23:00:51 .... /home/raw_rci/attdlkrci3/config/pro_rci_ingesta_generacion_avro.properties listo para leer.
2019-11-15 23:00:51 .... *****************************************************
2019-11-15 23:00:51 .... Fecha entera obtenida: 20191115
2019-11-15 23:00:51 .... Fecha anterior obtenida: 20191115
2019-11-15 23:00:51 .... *****************************************************
2019-11-15 23:00:51 .... Se procesara el archivo: 
2019-11-15 23:00:51 .... Se creara tabla: 
2019-11-15 23:00:51 .... Location es: 
2019-11-15 23:00:51 .... Path respaldo: 
2019-11-15 23:00:51 .... *****************************************************
2019-11-15 23:00:51 .... Generar el avsc generico
2019-11-15 23:00:51 .... Schema:.
2019-11-15 23:00:51 .... Contador:1.
2019-11-15 23:00:51 .... leer procesados de:
2019-11-15 23:00:51 .... _processed
2019-11-15 23:00:51 .... Archivo hist:
2019-11-15 23:00:51 .... No hay cambios:create
2019-11-15 23:00:55 .... *****************************************************
2019-11-15 23:00:55 .... 2)Resultado de kite-dataset create 
2019-11-15 23:00:55 .... 130
2019-11-15 23:00:55 .... *****************************************************
2019-11-15 23:00:57 .... *****************************************************
2019-11-15 23:00:57 .... 3)Resultado de kite-dataset schema 
2019-11-15 23:00:57 .... 130
2019-11-15 23:00:57 .... *****************************************************
2019-11-15 23:00:57 .... Res borrar /:0
2019-11-15 23:00:57 .... ..
2019-11-15 23:00:57 .... ..
2019-11-15 23:00:57 .... name:_processed.
2019-11-15 23:00:57 .... *****************************************************
