Inicio ejecucion     : 2019-11-15 15:22:36
Script               : /home/raw_rci/attdlkrci3/shells/rci_ingesta_generacion_avro.sh
Numero de argumentos : [5]
#---------------------------------------------------------------#
#---------------------------------------------------------------#
2019-11-15 15:22:36 .... Lectura del archivo: /home/raw_rci/attdlkrci3/config/pro_rci_ingesta_generacion_avro.properties
2019-11-15 15:22:36 .... /home/raw_rci/attdlkrci3/config/pro_rci_ingesta_generacion_avro.properties listo para leer.
2019-11-15 15:22:36 .... *****************************************************
2019-11-15 15:22:36 .... Fecha entera obtenida: 20191115
2019-11-15 15:22:36 .... Fecha anterior obtenida: 20191115
2019-11-15 15:22:36 .... *****************************************************
2019-11-15 15:22:36 .... Se procesara el archivo: /files/working_dir/RCIschemas/tx_soem_hw.avsc
2019-11-15 15:22:36 .... Se creara tabla: tx_soem_hw
2019-11-15 15:22:36 .... Location es: hdfs:/data/RCI/stg/hive/staging/Gestores/SOEM/HW
2019-11-15 15:22:36 .... Path respaldo: /files/working_dir/RCIschemas/processed/
2019-11-15 15:22:36 .... *****************************************************
2019-11-15 15:22:36 .... Generar el avsc generico
2019-11-15 15:22:36 .... Schema:/files/working_dir/RCIschemas/tx_soem_hw.avsc.
2019-11-15 15:22:36 .... Contador:1.
2019-11-15 15:22:36 .... leer procesados de:
2019-11-15 15:22:36 .... /files/working_dir/RCIschemas/processed/tx_soem_hw.avsc_processed
2019-11-15 15:22:36 .... Archivo hist:
2019-11-15 15:22:36 .... No hay cambios:create
2019-11-15 15:22:45 .... *****************************************************
2019-11-15 15:22:45 .... 2)Resultado de kite-dataset create tx_soem_hw
2019-11-15 15:22:45 .... 1
2019-11-15 15:22:45 .... *****************************************************
2019-11-15 15:22:53 .... *****************************************************
2019-11-15 15:22:53 .... 3)Resultado de kite-dataset schema tx_soem_hw
2019-11-15 15:22:53 .... 1
2019-11-15 15:22:53 .... *****************************************************
2019-11-15 15:22:53 .... Res borrar /files/working_dir/RCIschemas/processed//:0
2019-11-15 15:22:53 .... ./files/working_dir/RCIschemas/tx_soem_hw.avsc.
2019-11-15 15:22:53 .... ./files/working_dir/RCIschemas/tx_soem_hw.avsc.
2019-11-15 15:22:53 .... name:/files/working_dir/RCIschemas/processed/tx_soem_hw.avsc_processed.
2019-11-15 15:22:53 .... *****************************************************
