Inicio ejecucion     : 2019-11-15 21:36:20
Script               : /home/raw_rci/attdlkrci3/shells/rci_ingesta_generacion_avro.sh
Numero de argumentos : [5]
#---------------------------------------------------------------#
#---------------------------------------------------------------#
2019-11-15 21:36:20 .... Lectura del archivo: /home/raw_rci/attdlkrci3/config/pro_rci_ingesta_generacion_avro.properties
2019-11-15 21:36:20 .... /home/raw_rci/attdlkrci3/config/pro_rci_ingesta_generacion_avro.properties listo para leer.
2019-11-15 21:36:20 .... *****************************************************
2019-11-15 21:36:20 .... Fecha entera obtenida: 20191115
2019-11-15 21:36:20 .... Fecha anterior obtenida: 20191115
2019-11-15 21:36:20 .... *****************************************************
2019-11-15 21:36:20 .... Se procesara el archivo: /files/working_dir/RCIschemas/tx_almacen_inventory.avsc
2019-11-15 21:36:20 .... Se creara tabla: tx_almacen_inventory
2019-11-15 21:36:20 .... Location es: hdfs:/data/RCI/stg/hive/staging/SA/inventory
2019-11-15 21:36:20 .... Path respaldo: /files/working_dir/RCIschemas/processed/
2019-11-15 21:36:20 .... *****************************************************
2019-11-15 21:36:20 .... Generar el avsc generico
2019-11-15 21:36:20 .... Schema:/files/working_dir/RCIschemas/tx_almacen_inventory.avsc.
2019-11-15 21:36:20 .... Contador:1.
2019-11-15 21:36:20 .... leer procesados de:
2019-11-15 21:36:20 .... /files/working_dir/RCIschemas/processed/tx_almacen_inventory.avsc_processed
2019-11-15 21:36:20 .... Archivo hist:/files/working_dir/RCIschemas/processed/tx_almacen_inventory.avsc_processed
2019-11-15 21:36:20 .... diferencia:Files /files/working_dir/RCIschemas/processed/tx_almacen_inventory.avsc_processed and /files/working_dir/RCIschemas/tx_almacen_inventory.avsc differ.
2019-11-15 21:36:20 .... Si hubo cambios:update
2019-11-15 21:36:29 .... *****************************************************
2019-11-15 21:36:29 .... 2)Resultado de kite-dataset update tx_almacen_inventory
2019-11-15 21:36:29 .... 0
2019-11-15 21:36:29 .... *****************************************************
2019-11-15 21:36:39 .... *****************************************************
2019-11-15 21:36:39 .... 3)Resultado de kite-dataset schema tx_almacen_inventory
2019-11-15 21:36:39 .... 0
2019-11-15 21:36:39 .... *****************************************************
2019-11-15 21:36:39 .... Res borrar /files/working_dir/RCIschemas/processed//:0
2019-11-15 21:36:39 .... ./files/working_dir/RCIschemas/tx_almacen_inventory.avsc.
2019-11-15 21:36:39 .... ./files/working_dir/RCIschemas/tx_almacen_inventory.avsc.
2019-11-15 21:36:39 .... name:/files/working_dir/RCIschemas/processed/tx_almacen_inventory.avsc_processed.
2019-11-15 21:36:39 .... *****************************************************
