Inicio ejecucion     : 2019-11-19 13:04:13
Script               : /home/raw_rci/attdlkrci3/shells/rci_ingesta_generacion_avro.sh
Numero de argumentos : [5]
#---------------------------------------------------------------#
#---------------------------------------------------------------#
2019-11-19 13:04:13 .... Lectura del archivo: /home/raw_rci/attdlkrci3/config/pro_rci_ingesta_generacion_avro.properties
2019-11-19 13:04:13 .... /home/raw_rci/attdlkrci3/config/pro_rci_ingesta_generacion_avro.properties listo para leer.
2019-11-19 13:04:13 .... *****************************************************
2019-11-19 13:04:13 .... Fecha entera obtenida: 20191119
2019-11-19 13:04:13 .... Fecha anterior obtenida: 20191119
2019-11-19 13:04:13 .... *****************************************************
2019-11-19 13:04:13 .... Se procesara el archivo: /files/working_dir/RCIschemas/tx_sedona_nokia.avsc
2019-11-19 13:04:13 .... Se creara tabla: tx_sedona_nokia
2019-11-19 13:04:13 .... Location es: hdfs:/data/RCI/stg/hive/staging/Gestores/SEDONA/NOKIA
2019-11-19 13:04:13 .... Path respaldo: /files/working_dir/RCIschemas/processed/
2019-11-19 13:04:13 .... *****************************************************
2019-11-19 13:04:13 .... Generar el avsc generico
2019-11-19 13:04:13 .... Schema:/files/working_dir/RCIschemas/tx_sedona_nokia.avsc.
2019-11-19 13:04:13 .... Contador:1.
2019-11-19 13:04:13 .... leer procesados de:
2019-11-19 13:04:13 .... /files/working_dir/RCIschemas/processed/tx_sedona_nokia.avsc_processed
2019-11-19 13:04:13 .... Archivo hist:
2019-11-19 13:04:13 .... No hay cambios:create
2019-11-19 13:04:23 .... *****************************************************
2019-11-19 13:04:23 .... 2)Resultado de kite-dataset create tx_sedona_nokia
2019-11-19 13:04:23 .... 0
2019-11-19 13:04:23 .... *****************************************************
2019-11-19 13:04:33 .... *****************************************************
2019-11-19 13:04:33 .... 3)Resultado de kite-dataset schema tx_sedona_nokia
2019-11-19 13:04:33 .... 0
2019-11-19 13:04:33 .... *****************************************************
2019-11-19 13:04:33 .... Res borrar /files/working_dir/RCIschemas/processed//:0
2019-11-19 13:04:33 .... ./files/working_dir/RCIschemas/tx_sedona_nokia.avsc.
2019-11-19 13:04:33 .... ./files/working_dir/RCIschemas/tx_sedona_nokia.avsc.
2019-11-19 13:04:33 .... name:/files/working_dir/RCIschemas/processed/tx_sedona_nokia.avsc_processed.
2019-11-19 13:04:33 .... *****************************************************
