Inicio ejecucion     : 2019-11-15 18:33:43
Script               : /home/raw_rci/attdlkrci3/shells/rci_ingesta_generacion_avro.sh
Numero de argumentos : [5]
#---------------------------------------------------------------#
#---------------------------------------------------------------#
2019-11-15 18:33:43 .... Lectura del archivo: /home/raw_rci/attdlkrci3/config/pro_rci_ingesta_generacion_avro.properties
2019-11-15 18:33:43 .... /home/raw_rci/attdlkrci3/config/pro_rci_ingesta_generacion_avro.properties listo para leer.
2019-11-15 18:33:43 .... *****************************************************
2019-11-15 18:33:43 .... Fecha entera obtenida: 20191115
2019-11-15 18:33:43 .... Fecha anterior obtenida: 20191115
2019-11-15 18:33:43 .... *****************************************************
2019-11-15 18:33:43 .... Se procesara el archivo: /files/working_dir/RCIschemas/tx_finance_cip.avsc
2019-11-15 18:33:43 .... Se creara tabla: tx_finance_cip
2019-11-15 18:33:43 .... Location es: hdfs:/data/RCI/stg/hive/staging/CIP
2019-11-15 18:33:43 .... Path respaldo: /files/working_dir/RCIschemas/processed/
2019-11-15 18:33:43 .... *****************************************************
2019-11-15 18:33:43 .... Generar el avsc generico
2019-11-15 18:33:43 .... Schema:/files/working_dir/RCIschemas/tx_finance_cip.avsc.
2019-11-15 18:33:43 .... Contador:1.
2019-11-15 18:33:43 .... leer procesados de:
2019-11-15 18:33:43 .... /files/working_dir/RCIschemas/processed/tx_finance_cip.avsc_processed
2019-11-15 18:33:43 .... Archivo hist:/files/working_dir/RCIschemas/processed/tx_finance_cip.avsc_processed
2019-11-15 18:33:43 .... diferencia:Files /files/working_dir/RCIschemas/processed/tx_finance_cip.avsc_processed and /files/working_dir/RCIschemas/tx_finance_cip.avsc differ.
2019-11-15 18:33:43 .... Si hubo cambios:update
2019-11-15 18:33:53 .... *****************************************************
2019-11-15 18:33:53 .... 2)Resultado de kite-dataset update tx_finance_cip
2019-11-15 18:33:53 .... 0
2019-11-15 18:33:53 .... *****************************************************
2019-11-15 18:34:02 .... *****************************************************
2019-11-15 18:34:02 .... 3)Resultado de kite-dataset schema tx_finance_cip
2019-11-15 18:34:02 .... 0
2019-11-15 18:34:02 .... *****************************************************
2019-11-15 18:34:02 .... Res borrar /files/working_dir/RCIschemas/processed//:0
2019-11-15 18:34:02 .... ./files/working_dir/RCIschemas/tx_finance_cip.avsc.
2019-11-15 18:34:02 .... ./files/working_dir/RCIschemas/tx_finance_cip.avsc.
2019-11-15 18:34:02 .... name:/files/working_dir/RCIschemas/processed/tx_finance_cip.avsc_processed.
2019-11-15 18:34:02 .... *****************************************************
