Inicio ejecucion     : 2019-11-15 21:36:44
Script               : /home/raw_rci/attdlkrci3/shells/rci_ingesta_generacion_avro.sh
Numero de argumentos : [5]
#---------------------------------------------------------------#
#---------------------------------------------------------------#
2019-11-15 21:36:44 .... Lectura del archivo: /home/raw_rci/attdlkrci3/config/pro_rci_ingesta_generacion_avro.properties
2019-11-15 21:36:44 .... /home/raw_rci/attdlkrci3/config/pro_rci_ingesta_generacion_avro.properties listo para leer.
2019-11-15 21:36:44 .... *****************************************************
2019-11-15 21:36:44 .... Fecha entera obtenida: 20191115
2019-11-15 21:36:44 .... Fecha anterior obtenida: 20191115
2019-11-15 21:36:44 .... *****************************************************
2019-11-15 21:36:44 .... Se procesara el archivo: 
2019-11-15 21:36:44 .... Se creara tabla: 
2019-11-15 21:36:44 .... Location es: 
2019-11-15 21:36:44 .... Path respaldo: 
2019-11-15 21:36:44 .... *****************************************************
2019-11-15 21:36:44 .... Generar el avsc generico
2019-11-15 21:36:44 .... Schema:.
2019-11-15 21:36:44 .... Contador:1.
2019-11-15 21:36:44 .... leer procesados de:
2019-11-15 21:36:44 .... _processed
2019-11-15 21:36:44 .... Archivo hist:
2019-11-15 21:36:44 .... No hay cambios:create
2019-11-15 21:36:51 .... *****************************************************
2019-11-15 21:36:51 .... 2)Resultado de kite-dataset create 
2019-11-15 21:36:51 .... 1
2019-11-15 21:36:51 .... *****************************************************
2019-11-15 21:36:58 .... *****************************************************
2019-11-15 21:36:58 .... 3)Resultado de kite-dataset schema 
2019-11-15 21:36:58 .... 1
2019-11-15 21:36:58 .... *****************************************************
2019-11-15 21:36:58 .... Res borrar /:0
2019-11-15 21:36:58 .... ..
2019-11-15 21:36:58 .... ..
2019-11-15 21:36:58 .... name:_processed.
2019-11-15 21:36:58 .... *****************************************************
