Inicio ejecucion     : 2019-11-18 15:21:08
Script               : /home/raw_rci/attdlkrci3/shells/rci_ingesta_generacion_avro.sh
Numero de argumentos : [5]
#---------------------------------------------------------------#
#---------------------------------------------------------------#
2019-11-18 15:21:08 .... Lectura del archivo: /home/raw_rci/attdlkrci3/config/pro_rci_ingesta_generacion_avro.properties
2019-11-18 15:21:08 .... /home/raw_rci/attdlkrci3/config/pro_rci_ingesta_generacion_avro.properties listo para leer.
2019-11-18 15:21:08 .... *****************************************************
2019-11-18 15:21:08 .... Fecha entera obtenida: 20191118
2019-11-18 15:21:08 .... Fecha anterior obtenida: 20191118
2019-11-18 15:21:08 .... *****************************************************
2019-11-18 15:21:08 .... Se procesara el archivo: /files/working_dir/RCIschemas/tx_almacen_inventory.avsc
2019-11-18 15:21:08 .... Se creara tabla: tx_almacen_inventory
2019-11-18 15:21:08 .... Location es: hdfs:/data/RCI/stg/hive/staging/SA/inventory
2019-11-18 15:21:08 .... Path respaldo: /files/working_dir/RCIschemas/processed/
2019-11-18 15:21:08 .... *****************************************************
2019-11-18 15:21:08 .... Generar el avsc generico
2019-11-18 15:21:08 .... Schema:/files/working_dir/RCIschemas/tx_almacen_inventory.avsc.
2019-11-18 15:21:08 .... Contador:1.
2019-11-18 15:21:08 .... leer procesados de:
2019-11-18 15:21:08 .... /files/working_dir/RCIschemas/processed/tx_almacen_inventory.avsc_processed
2019-11-18 15:21:08 .... Archivo hist:/files/working_dir/RCIschemas/processed/tx_almacen_inventory.avsc_processed
2019-11-18 15:21:08 .... diferencia:Files /files/working_dir/RCIschemas/processed/tx_almacen_inventory.avsc_processed and /files/working_dir/RCIschemas/tx_almacen_inventory.avsc differ.
2019-11-18 15:21:08 .... Si hubo cambios:update
2019-11-18 15:21:17 .... *****************************************************
2019-11-18 15:21:17 .... 2)Resultado de kite-dataset update tx_almacen_inventory
2019-11-18 15:21:17 .... 0
2019-11-18 15:21:17 .... *****************************************************
2019-11-18 15:21:27 .... *****************************************************
2019-11-18 15:21:27 .... 3)Resultado de kite-dataset schema tx_almacen_inventory
2019-11-18 15:21:27 .... 0
2019-11-18 15:21:27 .... *****************************************************
2019-11-18 15:21:27 .... Res borrar /files/working_dir/RCIschemas/processed//:0
2019-11-18 15:21:27 .... ./files/working_dir/RCIschemas/tx_almacen_inventory.avsc.
2019-11-18 15:21:27 .... ./files/working_dir/RCIschemas/tx_almacen_inventory.avsc.
2019-11-18 15:21:27 .... name:/files/working_dir/RCIschemas/processed/tx_almacen_inventory.avsc_processed.
2019-11-18 15:21:27 .... *****************************************************
