Inicio ejecucion     : 2019-11-19 15:57:01
Script               : /home/raw_rci/attdlkrci3/shells/rci_ingesta_generacion_avro.sh
Numero de argumentos : [5]
#---------------------------------------------------------------#
#---------------------------------------------------------------#
2019-11-19 15:57:01 .... Lectura del archivo: /home/raw_rci/attdlkrci3/config/pro_rci_ingesta_generacion_avro.properties
2019-11-19 15:57:01 .... /home/raw_rci/attdlkrci3/config/pro_rci_ingesta_generacion_avro.properties listo para leer.
2019-11-19 15:57:01 .... *****************************************************
2019-11-19 15:57:01 .... Fecha entera obtenida: 20191119
2019-11-19 15:57:01 .... Fecha anterior obtenida: 20191119
2019-11-19 15:57:01 .... *****************************************************
2019-11-19 15:57:01 .... Se procesara el archivo: /files/working_dir/RCIschemas/tx_finance_cip.avsc
2019-11-19 15:57:01 .... Se creara tabla: tx_finance_cip
2019-11-19 15:57:01 .... Location es: hdfs:/data/RCI/stg/hive/staging/CIP
2019-11-19 15:57:01 .... Path respaldo: /files/working_dir/RCIschemas/processed/
2019-11-19 15:57:01 .... *****************************************************
2019-11-19 15:57:01 .... Generar el avsc generico
2019-11-19 15:57:01 .... Schema:/files/working_dir/RCIschemas/tx_finance_cip.avsc.
2019-11-19 15:57:01 .... Contador:1.
2019-11-19 15:57:01 .... leer procesados de:
2019-11-19 15:57:01 .... /files/working_dir/RCIschemas/processed/tx_finance_cip.avsc_processed
2019-11-19 15:57:01 .... Archivo hist:/files/working_dir/RCIschemas/processed/tx_finance_cip.avsc_processed
2019-11-19 15:57:01 .... diferencia:Files /files/working_dir/RCIschemas/processed/tx_finance_cip.avsc_processed and /files/working_dir/RCIschemas/tx_finance_cip.avsc differ.
2019-11-19 15:57:01 .... Si hubo cambios:update
2019-11-19 15:57:11 .... *****************************************************
2019-11-19 15:57:11 .... 2)Resultado de kite-dataset update tx_finance_cip
2019-11-19 15:57:11 .... 0
2019-11-19 15:57:11 .... *****************************************************
2019-11-19 15:57:20 .... *****************************************************
2019-11-19 15:57:20 .... 3)Resultado de kite-dataset schema tx_finance_cip
2019-11-19 15:57:20 .... 0
2019-11-19 15:57:20 .... *****************************************************
2019-11-19 15:57:20 .... Res borrar /files/working_dir/RCIschemas/processed//:0
2019-11-19 15:57:20 .... ./files/working_dir/RCIschemas/tx_finance_cip.avsc.
2019-11-19 15:57:20 .... ./files/working_dir/RCIschemas/tx_finance_cip.avsc.
2019-11-19 15:57:20 .... name:/files/working_dir/RCIschemas/processed/tx_finance_cip.avsc_processed.
2019-11-19 15:57:20 .... *****************************************************
