Inicio ejecucion     : 2019-11-15 19:13:57
Script               : /home/raw_rci/attdlkrci3/shells/rci_ingesta_generacion_avro.sh
Numero de argumentos : [5]
#---------------------------------------------------------------#
#---------------------------------------------------------------#
2019-11-15 19:13:57 .... Lectura del archivo: /home/raw_rci/attdlkrci3/config/pro_rci_ingesta_generacion_avro.properties
2019-11-15 19:13:57 .... /home/raw_rci/attdlkrci3/config/pro_rci_ingesta_generacion_avro.properties listo para leer.
2019-11-15 19:13:57 .... *****************************************************
2019-11-15 19:13:57 .... Fecha entera obtenida: 20191115
2019-11-15 19:13:57 .... Fecha anterior obtenida: 20191115
2019-11-15 19:13:57 .... *****************************************************
2019-11-15 19:13:57 .... Se procesara el archivo: /files/working_dir/RCIschemas/tx_finance_cip.avsc
2019-11-15 19:13:57 .... Se creara tabla: tx_finance_cip
2019-11-15 19:13:58 .... Location es: hdfs:/data/RCI/stg/hive/staging/CIP
2019-11-15 19:13:58 .... Path respaldo: /files/working_dir/RCIschemas/processed/
2019-11-15 19:13:58 .... *****************************************************
2019-11-15 19:13:58 .... Generar el avsc generico
2019-11-15 19:13:58 .... Schema:/files/working_dir/RCIschemas/tx_finance_cip.avsc.
2019-11-15 19:13:58 .... Contador:1.
2019-11-15 19:13:58 .... leer procesados de:
2019-11-15 19:13:58 .... /files/working_dir/RCIschemas/processed/tx_finance_cip.avsc_processed
2019-11-15 19:13:58 .... Archivo hist:/files/working_dir/RCIschemas/processed/tx_finance_cip.avsc_processed
2019-11-15 19:13:58 .... diferencia:.
2019-11-15 19:13:58 .... No hay cambios:create
2019-11-15 19:14:07 .... *****************************************************
2019-11-15 19:14:07 .... 2)Resultado de kite-dataset create tx_finance_cip
2019-11-15 19:14:07 .... 1
2019-11-15 19:14:07 .... *****************************************************
2019-11-15 19:14:17 .... *****************************************************
2019-11-15 19:14:17 .... 3)Resultado de kite-dataset schema tx_finance_cip
2019-11-15 19:14:17 .... 0
2019-11-15 19:14:17 .... *****************************************************
2019-11-15 19:14:17 .... Res borrar /files/working_dir/RCIschemas/processed//:0
2019-11-15 19:14:17 .... ./files/working_dir/RCIschemas/tx_finance_cip.avsc.
2019-11-15 19:14:17 .... ./files/working_dir/RCIschemas/tx_finance_cip.avsc.
2019-11-15 19:14:17 .... name:/files/working_dir/RCIschemas/processed/tx_finance_cip.avsc_processed.
2019-11-15 19:14:17 .... *****************************************************
