Inicio ejecucion     : 2019-11-15 11:43:55
Script               : /home/raw_rci/attdlkrci3/shells/rci_ingesta_generacion_avro.sh
Numero de argumentos : [5]
#---------------------------------------------------------------#
#---------------------------------------------------------------#
2019-11-15 11:43:55 .... Lectura del archivo: /home/raw_rci/attdlkrci3/config/pro_rci_ingesta_generacion_avro.properties
2019-11-15 11:43:55 .... /home/raw_rci/attdlkrci3/config/pro_rci_ingesta_generacion_avro.properties listo para leer.
2019-11-15 11:43:55 .... *****************************************************
2019-11-15 11:43:55 .... Fecha entera obtenida: 20191115
2019-11-15 11:43:55 .... Fecha anterior obtenida: 20191115
2019-11-15 11:43:55 .... *****************************************************
2019-11-15 11:43:55 .... Se procesara el archivo: /files/working_dir/RCIschemas/tx_fixed_asset.avsc
2019-11-15 11:43:55 .... Se creara tabla: tx_fixed_asset
2019-11-15 11:43:55 .... Location es: hdfs:/data/RCI/stg/hive/staging/AF
2019-11-15 11:43:55 .... Path respaldo: /files/working_dir/RCIschemas/processed/
2019-11-15 11:43:55 .... *****************************************************
2019-11-15 11:43:55 .... Generar el avsc generico
2019-11-15 11:43:55 .... Schema:/files/working_dir/RCIschemas/tx_fixed_asset.avsc.
2019-11-15 11:43:55 .... Contador:1.
2019-11-15 11:43:55 .... leer procesados de:
2019-11-15 11:43:55 .... /files/working_dir/RCIschemas/processed/tx_fixed_asset.avsc_processed
2019-11-15 11:43:55 .... Archivo hist:
2019-11-15 11:43:55 .... No hay cambios:create
2019-11-15 11:44:04 .... *****************************************************
2019-11-15 11:44:04 .... 2)Resultado de kite-dataset create tx_fixed_asset
2019-11-15 11:44:04 .... 1
2019-11-15 11:44:04 .... *****************************************************
2019-11-15 11:44:13 .... *****************************************************
2019-11-15 11:44:13 .... 3)Resultado de kite-dataset schema tx_fixed_asset
2019-11-15 11:44:13 .... 1
2019-11-15 11:44:13 .... *****************************************************
2019-11-15 11:44:13 .... Res borrar /files/working_dir/RCIschemas/processed//:0
2019-11-15 11:44:13 .... ./files/working_dir/RCIschemas/tx_fixed_asset.avsc.
2019-11-15 11:44:13 .... ./files/working_dir/RCIschemas/tx_fixed_asset.avsc.
2019-11-15 11:44:13 .... name:/files/working_dir/RCIschemas/processed/tx_fixed_asset.avsc_processed.
2019-11-15 11:44:13 .... *****************************************************
