Inicio ejecucion     : 2019-11-19 15:38:16
Script               : /home/raw_rci/attdlkrci3/shells/rci_ingesta_generacion_avro.sh
Numero de argumentos : [5]
#---------------------------------------------------------------#
#---------------------------------------------------------------#
2019-11-19 15:38:16 .... Lectura del archivo: /home/raw_rci/attdlkrci3/config/pro_rci_ingesta_generacion_avro.properties
2019-11-19 15:38:16 .... /home/raw_rci/attdlkrci3/config/pro_rci_ingesta_generacion_avro.properties listo para leer.
2019-11-19 15:38:16 .... *****************************************************
2019-11-19 15:38:16 .... Fecha entera obtenida: 20191119
2019-11-19 15:38:16 .... Fecha anterior obtenida: 20191119
2019-11-19 15:38:16 .... *****************************************************
2019-11-19 15:38:16 .... Se procesara el archivo: /files/working_dir/RCIschemas/tx_sedona_ne.avsc
2019-11-19 15:38:16 .... Se creara tabla: tx_sedona_ne
2019-11-19 15:38:16 .... Location es: hdfs:/data/RCI/stg/hive/staging/Gestores/SEDONA
2019-11-19 15:38:16 .... Path respaldo: /files/working_dir/RCIschemas/processed/
2019-11-19 15:38:16 .... *****************************************************
2019-11-19 15:38:16 .... Generar el avsc generico
2019-11-19 15:38:16 .... Schema:/files/working_dir/RCIschemas/tx_sedona_ne.avsc.
2019-11-19 15:38:16 .... Contador:1.
2019-11-19 15:38:16 .... leer procesados de:
2019-11-19 15:38:16 .... /files/working_dir/RCIschemas/processed/tx_sedona_ne.avsc_processed
2019-11-19 15:38:16 .... Archivo hist:
2019-11-19 15:38:16 .... No hay cambios:create
2019-11-19 15:38:27 .... *****************************************************
2019-11-19 15:38:27 .... 2)Resultado de kite-dataset create tx_sedona_ne
2019-11-19 15:38:27 .... 1
2019-11-19 15:38:27 .... *****************************************************
2019-11-19 15:38:36 .... *****************************************************
2019-11-19 15:38:36 .... 3)Resultado de kite-dataset schema tx_sedona_ne
2019-11-19 15:38:36 .... 0
2019-11-19 15:38:36 .... *****************************************************
2019-11-19 15:38:36 .... Res borrar /files/working_dir/RCIschemas/processed//:0
2019-11-19 15:38:36 .... ./files/working_dir/RCIschemas/tx_sedona_ne.avsc.
2019-11-19 15:38:36 .... ./files/working_dir/RCIschemas/tx_sedona_ne.avsc.
2019-11-19 15:38:36 .... name:/files/working_dir/RCIschemas/processed/tx_sedona_ne.avsc_processed.
2019-11-19 15:38:36 .... *****************************************************
