Inicio ejecucion     : 2019-11-15 20:18:14
Script               : /home/raw_rci/attdlkrci3/shells/rci_ingesta_generacion_avro.sh
Numero de argumentos : [5]
#---------------------------------------------------------------#
#---------------------------------------------------------------#
2019-11-15 20:18:14 .... Lectura del archivo: /home/raw_rci/attdlkrci3/config/pro_rci_ingesta_generacion_avro.properties
2019-11-15 20:18:14 .... /home/raw_rci/attdlkrci3/config/pro_rci_ingesta_generacion_avro.properties listo para leer.
2019-11-15 20:18:14 .... *****************************************************
2019-11-15 20:18:14 .... Fecha entera obtenida: 20191115
2019-11-15 20:18:14 .... Fecha anterior obtenida: 20191115
2019-11-15 20:18:14 .... *****************************************************
2019-11-15 20:18:14 .... Se procesara el archivo: /files/working_dir/RCIschemas/tx_almacen_inventory.avsc
2019-11-15 20:18:14 .... Se creara tabla: tx_almacen_inventory
2019-11-15 20:18:14 .... Location es: hdfs:/data/RCI/stg/hive/staging/SA/inventory
2019-11-15 20:18:14 .... Path respaldo: /files/working_dir/RCIschemas/processed/
2019-11-15 20:18:14 .... *****************************************************
2019-11-15 20:18:14 .... Generar el avsc generico
2019-11-15 20:18:14 .... Schema:/files/working_dir/RCIschemas/tx_almacen_inventory.avsc.
2019-11-15 20:18:14 .... Contador:1.
2019-11-15 20:18:14 .... leer procesados de:
2019-11-15 20:18:14 .... /files/working_dir/RCIschemas/processed/tx_almacen_inventory.avsc_processed
2019-11-15 20:18:14 .... Archivo hist:/files/working_dir/RCIschemas/processed/tx_almacen_inventory.avsc_processed
2019-11-15 20:18:14 .... diferencia:Files /files/working_dir/RCIschemas/processed/tx_almacen_inventory.avsc_processed and /files/working_dir/RCIschemas/tx_almacen_inventory.avsc differ.
2019-11-15 20:18:14 .... Si hubo cambios:update
2019-11-15 20:18:23 .... *****************************************************
2019-11-15 20:18:23 .... 2)Resultado de kite-dataset update tx_almacen_inventory
2019-11-15 20:18:23 .... 0
2019-11-15 20:18:23 .... *****************************************************
2019-11-15 20:18:32 .... *****************************************************
2019-11-15 20:18:32 .... 3)Resultado de kite-dataset schema tx_almacen_inventory
2019-11-15 20:18:32 .... 0
2019-11-15 20:18:32 .... *****************************************************
2019-11-15 20:18:32 .... Res borrar /files/working_dir/RCIschemas/processed//:0
2019-11-15 20:18:32 .... ./files/working_dir/RCIschemas/tx_almacen_inventory.avsc.
2019-11-15 20:18:32 .... ./files/working_dir/RCIschemas/tx_almacen_inventory.avsc.
2019-11-15 20:18:32 .... name:/files/working_dir/RCIschemas/processed/tx_almacen_inventory.avsc_processed.
2019-11-15 20:18:32 .... *****************************************************
