Inicio ejecucion     : 2019-11-15 16:23:29
Script               : /home/raw_rci/attdlkrci3/shells/rci_ingesta_generacion_avro.sh
Numero de argumentos : [5]
#---------------------------------------------------------------#
#---------------------------------------------------------------#
2019-11-15 16:23:29 .... Lectura del archivo: /home/raw_rci/attdlkrci3/config/pro_rci_ingesta_generacion_avro.properties
2019-11-15 16:23:29 .... /home/raw_rci/attdlkrci3/config/pro_rci_ingesta_generacion_avro.properties listo para leer.
2019-11-15 16:23:29 .... *****************************************************
2019-11-15 16:23:29 .... Fecha entera obtenida: 20191115
2019-11-15 16:23:29 .... Fecha anterior obtenida: 20191115
2019-11-15 16:23:29 .... *****************************************************
2019-11-15 16:23:29 .... Se procesara el archivo: /files/working_dir/RCIschemas/tx_soem_hw.avsc
2019-11-15 16:23:29 .... Se creara tabla: tx_soem_hw
2019-11-15 16:23:29 .... Location es: hdfs:/data/RCI/stg/hive/staging/Gestores/SOEM/HW
2019-11-15 16:23:29 .... Path respaldo: /files/working_dir/RCIschemas/processed/
2019-11-15 16:23:29 .... *****************************************************
2019-11-15 16:23:29 .... Generar el avsc generico
2019-11-15 16:23:29 .... Schema:/files/working_dir/RCIschemas/tx_soem_hw.avsc.
2019-11-15 16:23:29 .... Contador:1.
2019-11-15 16:23:29 .... leer procesados de:
2019-11-15 16:23:29 .... /files/working_dir/RCIschemas/processed/tx_soem_hw.avsc_processed
2019-11-15 16:23:29 .... Archivo hist:
2019-11-15 16:23:29 .... No hay cambios:create
2019-11-15 16:23:40 .... *****************************************************
2019-11-15 16:23:40 .... 2)Resultado de kite-dataset create tx_soem_hw
2019-11-15 16:23:40 .... 0
2019-11-15 16:23:40 .... *****************************************************
2019-11-15 16:23:49 .... *****************************************************
2019-11-15 16:23:49 .... 3)Resultado de kite-dataset schema tx_soem_hw
2019-11-15 16:23:49 .... 0
2019-11-15 16:23:49 .... *****************************************************
2019-11-15 16:23:49 .... Res borrar /files/working_dir/RCIschemas/processed//:0
2019-11-15 16:23:49 .... ./files/working_dir/RCIschemas/tx_soem_hw.avsc.
2019-11-15 16:23:49 .... ./files/working_dir/RCIschemas/tx_soem_hw.avsc.
2019-11-15 16:23:49 .... name:/files/working_dir/RCIschemas/processed/tx_soem_hw.avsc_processed.
2019-11-15 16:23:49 .... *****************************************************
