Inicio ejecucion     : 2019-11-15 15:44:47
Script               : /home/raw_rci/attdlkrci3/shells/rci_ingesta_generacion_avro.sh
Numero de argumentos : [5]
#---------------------------------------------------------------#
#---------------------------------------------------------------#
2019-11-15 15:44:47 .... Lectura del archivo: /home/raw_rci/attdlkrci3/config/pro_rci_ingesta_generacion_avro.properties
2019-11-15 15:44:47 .... /home/raw_rci/attdlkrci3/config/pro_rci_ingesta_generacion_avro.properties listo para leer.
2019-11-15 15:44:47 .... *****************************************************
2019-11-15 15:44:47 .... Fecha entera obtenida: 20191115
2019-11-15 15:44:47 .... Fecha anterior obtenida: 20191115
2019-11-15 15:44:47 .... *****************************************************
2019-11-15 15:44:47 .... Se procesara el archivo: /files/working_dir/RCIschemas/tx_fixed_asset.avsc
2019-11-15 15:44:47 .... Se creara tabla: tx_fixed_asset
2019-11-15 15:44:47 .... Location es: hdfs:/data/RCI/stg/hive/staging/AF
2019-11-15 15:44:47 .... Path respaldo: /files/working_dir/RCIschemas/processed/
2019-11-15 15:44:47 .... *****************************************************
2019-11-15 15:44:47 .... Generar el avsc generico
2019-11-15 15:44:47 .... Schema:/files/working_dir/RCIschemas/tx_fixed_asset.avsc.
2019-11-15 15:44:47 .... Contador:1.
2019-11-15 15:44:47 .... leer procesados de:
2019-11-15 15:44:47 .... /files/working_dir/RCIschemas/processed/tx_fixed_asset.avsc_processed
2019-11-15 15:44:47 .... Archivo hist:/files/working_dir/RCIschemas/processed/tx_fixed_asset.avsc_processed
2019-11-15 15:44:47 .... diferencia:.
2019-11-15 15:44:47 .... No hay cambios:create
2019-11-15 15:44:56 .... *****************************************************
2019-11-15 15:44:56 .... 2)Resultado de kite-dataset create tx_fixed_asset
2019-11-15 15:44:56 .... 1
2019-11-15 15:44:56 .... *****************************************************
2019-11-15 15:45:06 .... *****************************************************
2019-11-15 15:45:06 .... 3)Resultado de kite-dataset schema tx_fixed_asset
2019-11-15 15:45:06 .... 0
2019-11-15 15:45:06 .... *****************************************************
2019-11-15 15:45:06 .... Res borrar /files/working_dir/RCIschemas/processed//:0
2019-11-15 15:45:06 .... ./files/working_dir/RCIschemas/tx_fixed_asset.avsc.
2019-11-15 15:45:06 .... ./files/working_dir/RCIschemas/tx_fixed_asset.avsc.
2019-11-15 15:45:06 .... name:/files/working_dir/RCIschemas/processed/tx_fixed_asset.avsc_processed.
2019-11-15 15:45:06 .... *****************************************************
