Inicio ejecucion     : 2019-11-18 12:20:25
Script               : /home/raw_rci/attdlkrci3/shells/rci_ingesta_generacion_avro.sh
Numero de argumentos : [5]
#---------------------------------------------------------------#
#---------------------------------------------------------------#
2019-11-18 12:20:25 .... Lectura del archivo: /home/raw_rci/attdlkrci3/config/pro_rci_ingesta_generacion_avro.properties
2019-11-18 12:20:25 .... /home/raw_rci/attdlkrci3/config/pro_rci_ingesta_generacion_avro.properties listo para leer.
2019-11-18 12:20:25 .... *****************************************************
2019-11-18 12:20:25 .... Fecha entera obtenida: 20191118
2019-11-18 12:20:25 .... Fecha anterior obtenida: 20191118
2019-11-18 12:20:25 .... *****************************************************
2019-11-18 12:20:25 .... Se procesara el archivo: /files/working_dir/RCIschemas/tx_finance_cip.avsc
2019-11-18 12:20:25 .... Se creara tabla: tx_finance_cip
2019-11-18 12:20:25 .... Location es: hdfs:/data/RCI/stg/hive/staging/CIP
2019-11-18 12:20:25 .... Path respaldo: /files/working_dir/RCIschemas/processed/
2019-11-18 12:20:25 .... *****************************************************
2019-11-18 12:20:25 .... Generar el avsc generico
2019-11-18 12:20:25 .... Schema:/files/working_dir/RCIschemas/tx_finance_cip.avsc.
2019-11-18 12:20:25 .... Contador:1.
2019-11-18 12:20:25 .... leer procesados de:
2019-11-18 12:20:25 .... /files/working_dir/RCIschemas/processed/tx_finance_cip.avsc_processed
2019-11-18 12:20:25 .... Archivo hist:
2019-11-18 12:20:25 .... No hay cambios:create
2019-11-18 12:20:36 .... *****************************************************
2019-11-18 12:20:36 .... 2)Resultado de kite-dataset create tx_finance_cip
2019-11-18 12:20:36 .... 0
2019-11-18 12:20:36 .... *****************************************************
2019-11-18 12:20:45 .... *****************************************************
2019-11-18 12:20:45 .... 3)Resultado de kite-dataset schema tx_finance_cip
2019-11-18 12:20:45 .... 0
2019-11-18 12:20:45 .... *****************************************************
2019-11-18 12:20:45 .... Res borrar /files/working_dir/RCIschemas/processed//:0
2019-11-18 12:20:45 .... ./files/working_dir/RCIschemas/tx_finance_cip.avsc.
2019-11-18 12:20:45 .... ./files/working_dir/RCIschemas/tx_finance_cip.avsc.
2019-11-18 12:20:45 .... name:/files/working_dir/RCIschemas/processed/tx_finance_cip.avsc_processed.
2019-11-18 12:20:45 .... *****************************************************
