Inicio ejecucion     : 2019-11-15 22:04:06
Script               : /home/raw_rci/attdlkrci3/shells/rci_ingesta_generacion_avro.sh
Numero de argumentos : [5]
#---------------------------------------------------------------#
#---------------------------------------------------------------#
2019-11-15 22:04:06 .... Lectura del archivo: /home/raw_rci/attdlkrci3/config/pro_rci_ingesta_generacion_avro.properties
2019-11-15 22:04:06 .... /home/raw_rci/attdlkrci3/config/pro_rci_ingesta_generacion_avro.properties listo para leer.
2019-11-15 22:04:06 .... *****************************************************
2019-11-15 22:04:06 .... Fecha entera obtenida: 20191115
2019-11-15 22:04:06 .... Fecha anterior obtenida: 20191115
2019-11-15 22:04:06 .... *****************************************************
2019-11-15 22:04:06 .... Se procesara el archivo: 
2019-11-15 22:04:06 .... Se creara tabla: 
2019-11-15 22:04:06 .... Location es: 
2019-11-15 22:04:06 .... Path respaldo: 
2019-11-15 22:04:06 .... *****************************************************
2019-11-15 22:04:06 .... Generar el avsc generico
2019-11-15 22:04:06 .... Schema:.
2019-11-15 22:04:06 .... Contador:1.
2019-11-15 22:04:06 .... leer procesados de:
2019-11-15 22:04:06 .... _processed
2019-11-15 22:04:06 .... Archivo hist:
2019-11-15 22:04:06 .... No hay cambios:create
2019-11-15 22:04:13 .... *****************************************************
2019-11-15 22:04:13 .... 2)Resultado de kite-dataset create 
2019-11-15 22:04:13 .... 1
2019-11-15 22:04:13 .... *****************************************************
2019-11-15 22:04:20 .... *****************************************************
2019-11-15 22:04:20 .... 3)Resultado de kite-dataset schema 
2019-11-15 22:04:20 .... 1
2019-11-15 22:04:20 .... *****************************************************
2019-11-15 22:04:20 .... Res borrar /:0
2019-11-15 22:04:20 .... ..
2019-11-15 22:04:20 .... ..
2019-11-15 22:04:20 .... name:_processed.
2019-11-15 22:04:20 .... *****************************************************
