Inicio ejecucion     : 2019-11-15 12:39:30
Script               : /home/raw_rci/attdlkrci3/shells/rci_ingesta_generacion_avro.sh
Numero de argumentos : [5]
#---------------------------------------------------------------#
#---------------------------------------------------------------#
2019-11-15 12:39:30 .... Lectura del archivo: /home/raw_rci/attdlkrci3/config/pro_rci_ingesta_generacion_avro.properties
2019-11-15 12:39:30 .... /home/raw_rci/attdlkrci3/config/pro_rci_ingesta_generacion_avro.properties listo para leer.
2019-11-15 12:39:30 .... *****************************************************
2019-11-15 12:39:30 .... Fecha entera obtenida: 20191115
2019-11-15 12:39:30 .... Fecha anterior obtenida: 20191115
2019-11-15 12:39:30 .... *****************************************************
2019-11-15 12:39:30 .... Se procesara el archivo: /files/working_dir/RCIschemas/tx_fixed_asset.avsc
2019-11-15 12:39:30 .... Se creara tabla: tx_fixed_asset
2019-11-15 12:39:30 .... Location es: hdfs:/data/RCI/stg/hive/staging/AF
2019-11-15 12:39:30 .... Path respaldo: /files/working_dir/RCIschemas/processed/
2019-11-15 12:39:30 .... *****************************************************
2019-11-15 12:39:30 .... Generar el avsc generico
2019-11-15 12:39:30 .... Schema:/files/working_dir/RCIschemas/tx_fixed_asset.avsc.
2019-11-15 12:39:30 .... Contador:1.
2019-11-15 12:39:30 .... leer procesados de:
2019-11-15 12:39:30 .... /files/working_dir/RCIschemas/processed/tx_fixed_asset.avsc_processed
2019-11-15 12:39:30 .... Archivo hist:
2019-11-15 12:39:30 .... No hay cambios:create
2019-11-15 12:39:40 .... *****************************************************
2019-11-15 12:39:40 .... 2)Resultado de kite-dataset create tx_fixed_asset
2019-11-15 12:39:40 .... 0
2019-11-15 12:39:40 .... *****************************************************
2019-11-15 12:39:49 .... *****************************************************
2019-11-15 12:39:49 .... 3)Resultado de kite-dataset schema tx_fixed_asset
2019-11-15 12:39:49 .... 0
2019-11-15 12:39:49 .... *****************************************************
2019-11-15 12:39:49 .... Res borrar /files/working_dir/RCIschemas/processed//:0
2019-11-15 12:39:49 .... ./files/working_dir/RCIschemas/tx_fixed_asset.avsc.
2019-11-15 12:39:49 .... ./files/working_dir/RCIschemas/tx_fixed_asset.avsc.
2019-11-15 12:39:49 .... name:/files/working_dir/RCIschemas/processed/tx_fixed_asset.avsc_processed.
2019-11-15 12:39:49 .... *****************************************************
