Inicio ejecucion     : 2019-11-15 18:34:21
Script               : /home/raw_rci/attdlkrci3/shells/rci_ingesta_generacion_avro.sh
Numero de argumentos : [5]
#---------------------------------------------------------------#
#---------------------------------------------------------------#
2019-11-15 18:34:21 .... Lectura del archivo: /home/raw_rci/attdlkrci3/config/pro_rci_ingesta_generacion_avro.properties
2019-11-15 18:34:21 .... /home/raw_rci/attdlkrci3/config/pro_rci_ingesta_generacion_avro.properties listo para leer.
2019-11-15 18:34:21 .... *****************************************************
2019-11-15 18:34:21 .... Fecha entera obtenida: 20191115
2019-11-15 18:34:21 .... Fecha anterior obtenida: 20191115
2019-11-15 18:34:21 .... *****************************************************
2019-11-15 18:34:21 .... Se procesara el archivo: /files/working_dir/RCIschemas/tx_almacen_inventory.avsc
2019-11-15 18:34:21 .... Se creara tabla: tx_almacen_inventory
2019-11-15 18:34:21 .... Location es: hdfs:/data/RCI/stg/hive/staging/SA/inventory
2019-11-15 18:34:21 .... Path respaldo: /files/working_dir/RCIschemas/processed/
2019-11-15 18:34:21 .... *****************************************************
2019-11-15 18:34:21 .... Generar el avsc generico
2019-11-15 18:34:21 .... Schema:/files/working_dir/RCIschemas/tx_almacen_inventory.avsc.
2019-11-15 18:34:21 .... Contador:1.
2019-11-15 18:34:21 .... leer procesados de:
2019-11-15 18:34:21 .... /files/working_dir/RCIschemas/processed/tx_almacen_inventory.avsc_processed
2019-11-15 18:34:21 .... Archivo hist:
2019-11-15 18:34:21 .... No hay cambios:create
2019-11-15 18:34:30 .... *****************************************************
2019-11-15 18:34:30 .... 2)Resultado de kite-dataset create tx_almacen_inventory
2019-11-15 18:34:30 .... 1
2019-11-15 18:34:30 .... *****************************************************
2019-11-15 18:34:39 .... *****************************************************
2019-11-15 18:34:39 .... 3)Resultado de kite-dataset schema tx_almacen_inventory
2019-11-15 18:34:39 .... 0
2019-11-15 18:34:39 .... *****************************************************
2019-11-15 18:34:39 .... Res borrar /files/working_dir/RCIschemas/processed//:0
2019-11-15 18:34:39 .... ./files/working_dir/RCIschemas/tx_almacen_inventory.avsc.
2019-11-15 18:34:39 .... ./files/working_dir/RCIschemas/tx_almacen_inventory.avsc.
2019-11-15 18:34:39 .... name:/files/working_dir/RCIschemas/processed/tx_almacen_inventory.avsc_processed.
2019-11-15 18:34:39 .... *****************************************************
