Inicio ejecucion     : 2019-11-15 15:30:00
Script               : /home/raw_rci/attdlkrci3/shells/rci_ingesta_generacion_avro.sh
Numero de argumentos : [5]
#---------------------------------------------------------------#
#---------------------------------------------------------------#
2019-11-15 15:30:00 .... Lectura del archivo: /home/raw_rci/attdlkrci3/config/pro_rci_ingesta_generacion_avro.properties
2019-11-15 15:30:00 .... /home/raw_rci/attdlkrci3/config/pro_rci_ingesta_generacion_avro.properties listo para leer.
2019-11-15 15:30:00 .... *****************************************************
2019-11-15 15:30:00 .... Fecha entera obtenida: 20191115
2019-11-15 15:30:00 .... Fecha anterior obtenida: 20191115
2019-11-15 15:30:00 .... *****************************************************
2019-11-15 15:30:00 .... Se procesara el archivo: /files/working_dir/RCIschemas/tx_fixed_asset.avsc
2019-11-15 15:30:00 .... Se creara tabla: tx_fixed_asset
2019-11-15 15:30:00 .... Location es: hdfs:/data/RCI/stg/hive/staging/AF
2019-11-15 15:30:00 .... Path respaldo: /files/working_dir/RCIschemas/processed/
2019-11-15 15:30:00 .... *****************************************************
2019-11-15 15:30:00 .... Generar el avsc generico
2019-11-15 15:30:00 .... Schema:/files/working_dir/RCIschemas/tx_fixed_asset.avsc.
2019-11-15 15:30:00 .... Contador:1.
2019-11-15 15:30:00 .... leer procesados de:
2019-11-15 15:30:00 .... /files/working_dir/RCIschemas/processed/tx_fixed_asset.avsc_processed
2019-11-15 15:30:00 .... Archivo hist:/files/working_dir/RCIschemas/processed/tx_fixed_asset.avsc_processed
2019-11-15 15:30:00 .... diferencia:Files /files/working_dir/RCIschemas/processed/tx_fixed_asset.avsc_processed and /files/working_dir/RCIschemas/tx_fixed_asset.avsc differ.
2019-11-15 15:30:00 .... Si hubo cambios:update
2019-11-15 15:30:10 .... *****************************************************
2019-11-15 15:30:10 .... 2)Resultado de kite-dataset update tx_fixed_asset
2019-11-15 15:30:10 .... 0
2019-11-15 15:30:10 .... *****************************************************
2019-11-15 15:30:20 .... *****************************************************
2019-11-15 15:30:20 .... 3)Resultado de kite-dataset schema tx_fixed_asset
2019-11-15 15:30:20 .... 0
2019-11-15 15:30:20 .... *****************************************************
2019-11-15 15:30:20 .... Res borrar /files/working_dir/RCIschemas/processed//:0
2019-11-15 15:30:20 .... ./files/working_dir/RCIschemas/tx_fixed_asset.avsc.
2019-11-15 15:30:20 .... ./files/working_dir/RCIschemas/tx_fixed_asset.avsc.
2019-11-15 15:30:20 .... name:/files/working_dir/RCIschemas/processed/tx_fixed_asset.avsc_processed.
2019-11-15 15:30:20 .... *****************************************************
