Inicio ejecucion     : 2019-11-15 17:43:47
Script               : /home/raw_rci/attdlkrci3/shells/rci_ingesta_generacion_avro.sh
Numero de argumentos : [5]
#---------------------------------------------------------------#
#---------------------------------------------------------------#
2019-11-15 17:43:47 .... Lectura del archivo: /home/raw_rci/attdlkrci3/config/pro_rci_ingesta_generacion_avro.properties
2019-11-15 17:43:47 .... /home/raw_rci/attdlkrci3/config/pro_rci_ingesta_generacion_avro.properties listo para leer.
2019-11-15 17:43:47 .... *****************************************************
2019-11-15 17:43:47 .... Fecha entera obtenida: 20191115
2019-11-15 17:43:47 .... Fecha anterior obtenida: 20191115
2019-11-15 17:43:47 .... *****************************************************
2019-11-15 17:43:47 .... Se procesara el archivo: /files/working_dir/RCIschemas/tx_finance_cip.avsc
2019-11-15 17:43:47 .... Se creara tabla: tx_finance_cip
2019-11-15 17:43:47 .... Location es: hdfs:/data/RCI/stg/hive/staging/CIP
2019-11-15 17:43:47 .... Path respaldo: /files/working_dir/RCIschemas/processed/
2019-11-15 17:43:47 .... *****************************************************
2019-11-15 17:43:47 .... Generar el avsc generico
2019-11-15 17:43:47 .... Schema:/files/working_dir/RCIschemas/tx_finance_cip.avsc.
2019-11-15 17:43:47 .... Contador:1.
2019-11-15 17:43:47 .... leer procesados de:
2019-11-15 17:43:47 .... /files/working_dir/RCIschemas/processed/tx_finance_cip.avsc_processed
2019-11-15 17:43:47 .... Archivo hist:/files/working_dir/RCIschemas/processed/tx_finance_cip.avsc_processed
2019-11-15 17:43:47 .... diferencia:Files /files/working_dir/RCIschemas/processed/tx_finance_cip.avsc_processed and /files/working_dir/RCIschemas/tx_finance_cip.avsc differ.
2019-11-15 17:43:47 .... Si hubo cambios:update
2019-11-15 17:43:57 .... *****************************************************
2019-11-15 17:43:57 .... 2)Resultado de kite-dataset update tx_finance_cip
2019-11-15 17:43:57 .... 0
2019-11-15 17:43:57 .... *****************************************************
2019-11-15 17:44:06 .... *****************************************************
2019-11-15 17:44:06 .... 3)Resultado de kite-dataset schema tx_finance_cip
2019-11-15 17:44:06 .... 0
2019-11-15 17:44:06 .... *****************************************************
2019-11-15 17:44:06 .... Res borrar /files/working_dir/RCIschemas/processed//:0
2019-11-15 17:44:06 .... ./files/working_dir/RCIschemas/tx_finance_cip.avsc.
2019-11-15 17:44:06 .... ./files/working_dir/RCIschemas/tx_finance_cip.avsc.
2019-11-15 17:44:06 .... name:/files/working_dir/RCIschemas/processed/tx_finance_cip.avsc_processed.
2019-11-15 17:44:06 .... *****************************************************
