Inicio ejecucion     : 2019-11-15 13:10:30
Script               : /home/raw_rci/attdlkrci3/shells/rci_ingesta_generacion_avro.sh
Numero de argumentos : [5]
#---------------------------------------------------------------#
#---------------------------------------------------------------#
2019-11-15 13:10:30 .... Lectura del archivo: /home/raw_rci/attdlkrci3/config/pro_rci_ingesta_generacion_avro.properties
2019-11-15 13:10:30 .... /home/raw_rci/attdlkrci3/config/pro_rci_ingesta_generacion_avro.properties listo para leer.
2019-11-15 13:10:30 .... *****************************************************
2019-11-15 13:10:30 .... Fecha entera obtenida: 20191115
2019-11-15 13:10:30 .... Fecha anterior obtenida: 20191115
2019-11-15 13:10:30 .... *****************************************************
2019-11-15 13:10:30 .... Se procesara el archivo: /files/working_dir/RCIschemas/tx_soem_hw.avsc
2019-11-15 13:10:30 .... Se creara tabla: tx_soem_hw
2019-11-15 13:10:30 .... Location es: hdfs:/data/RCI/stg/hive/staging/Gestores/SOEM
2019-11-15 13:10:30 .... Path respaldo: /files/working_dir/RCIschemas/processed/
2019-11-15 13:10:30 .... *****************************************************
2019-11-15 13:10:30 .... Generar el avsc generico
2019-11-15 13:10:30 .... Schema:/files/working_dir/RCIschemas/tx_soem_hw.avsc.
2019-11-15 13:10:30 .... Contador:1.
2019-11-15 13:10:30 .... leer procesados de:
2019-11-15 13:10:30 .... /files/working_dir/RCIschemas/processed/tx_soem_hw.avsc_processed
2019-11-15 13:10:30 .... Archivo hist:/files/working_dir/RCIschemas/processed/tx_soem_hw.avsc_processed
2019-11-15 13:10:30 .... diferencia:Files /files/working_dir/RCIschemas/processed/tx_soem_hw.avsc_processed and /files/working_dir/RCIschemas/tx_soem_hw.avsc differ.
2019-11-15 13:10:30 .... Si hubo cambios:update
2019-11-15 13:10:39 .... *****************************************************
2019-11-15 13:10:39 .... 2)Resultado de kite-dataset update tx_soem_hw
2019-11-15 13:10:39 .... 1
2019-11-15 13:10:39 .... *****************************************************
2019-11-15 13:10:48 .... *****************************************************
2019-11-15 13:10:48 .... 3)Resultado de kite-dataset schema tx_soem_hw
2019-11-15 13:10:48 .... 1
2019-11-15 13:10:48 .... *****************************************************
2019-11-15 13:10:48 .... Res borrar /files/working_dir/RCIschemas/processed//:0
2019-11-15 13:10:48 .... ./files/working_dir/RCIschemas/tx_soem_hw.avsc.
2019-11-15 13:10:48 .... ./files/working_dir/RCIschemas/tx_soem_hw.avsc.
2019-11-15 13:10:48 .... name:/files/working_dir/RCIschemas/processed/tx_soem_hw.avsc_processed.
2019-11-15 13:10:48 .... *****************************************************
