Inicio ejecucion     : 2019-11-15 14:11:32
Script               : /home/raw_rci/attdlkrci3/shells/rci_ingesta_generacion_avro.sh
Numero de argumentos : [5]
#---------------------------------------------------------------#
#---------------------------------------------------------------#
2019-11-15 14:11:32 .... Lectura del archivo: /home/raw_rci/attdlkrci3/config/pro_rci_ingesta_generacion_avro.properties
2019-11-15 14:11:32 .... /home/raw_rci/attdlkrci3/config/pro_rci_ingesta_generacion_avro.properties listo para leer.
2019-11-15 14:11:32 .... *****************************************************
2019-11-15 14:11:32 .... Fecha entera obtenida: 20191115
2019-11-15 14:11:32 .... Fecha anterior obtenida: 20191115
2019-11-15 14:11:32 .... *****************************************************
2019-11-15 14:11:32 .... Se procesara el archivo: /files/working_dir/RCIschemas/tx_finance_cip.avsc
2019-11-15 14:11:32 .... Se creara tabla: tx_finance_cip
2019-11-15 14:11:32 .... Location es: hdfs:/data/RCI/stg/hive/staging/CIP
2019-11-15 14:11:32 .... Path respaldo: /files/working_dir/RCIschemas/processed/
2019-11-15 14:11:32 .... *****************************************************
2019-11-15 14:11:32 .... Generar el avsc generico
2019-11-15 14:11:32 .... Schema:/files/working_dir/RCIschemas/tx_finance_cip.avsc.
2019-11-15 14:11:32 .... Contador:1.
2019-11-15 14:11:32 .... leer procesados de:
2019-11-15 14:11:32 .... /files/working_dir/RCIschemas/processed/tx_finance_cip.avsc_processed
2019-11-15 14:11:32 .... Archivo hist:
2019-11-15 14:11:32 .... No hay cambios:create
2019-11-15 14:11:42 .... *****************************************************
2019-11-15 14:11:42 .... 2)Resultado de kite-dataset create tx_finance_cip
2019-11-15 14:11:42 .... 0
2019-11-15 14:11:42 .... *****************************************************
2019-11-15 14:11:51 .... *****************************************************
2019-11-15 14:11:51 .... 3)Resultado de kite-dataset schema tx_finance_cip
2019-11-15 14:11:51 .... 0
2019-11-15 14:11:51 .... *****************************************************
2019-11-15 14:11:51 .... Res borrar /files/working_dir/RCIschemas/processed//:0
2019-11-15 14:11:51 .... ./files/working_dir/RCIschemas/tx_finance_cip.avsc.
2019-11-15 14:11:51 .... ./files/working_dir/RCIschemas/tx_finance_cip.avsc.
2019-11-15 14:11:51 .... name:/files/working_dir/RCIschemas/processed/tx_finance_cip.avsc_processed.
2019-11-15 14:11:51 .... *****************************************************
