Inicio ejecucion     : 2019-11-15 14:28:58
Script               : /home/raw_rci/attdlkrci3/shells/rci_ingesta_generacion_avro.sh
Numero de argumentos : [5]
#---------------------------------------------------------------#
#---------------------------------------------------------------#
2019-11-15 14:28:58 .... Lectura del archivo: /home/raw_rci/attdlkrci3/config/pro_rci_ingesta_generacion_avro.properties
2019-11-15 14:28:58 .... /home/raw_rci/attdlkrci3/config/pro_rci_ingesta_generacion_avro.properties listo para leer.
2019-11-15 14:28:58 .... *****************************************************
2019-11-15 14:28:58 .... Fecha entera obtenida: 20191115
2019-11-15 14:28:58 .... Fecha anterior obtenida: 20191115
2019-11-15 14:28:58 .... *****************************************************
2019-11-15 14:28:58 .... Se procesara el archivo: /files/working_dir/RCIschemas/tx_fixed_asset.avsc
2019-11-15 14:28:58 .... Se creara tabla: tx_fixed_asset
2019-11-15 14:28:58 .... Location es: hdfs:/data/RCI/stg/hive/staging/AF
2019-11-15 14:28:58 .... Path respaldo: /files/working_dir/RCIschemas/processed/
2019-11-15 14:28:58 .... *****************************************************
2019-11-15 14:28:58 .... Generar el avsc generico
2019-11-15 14:28:58 .... Schema:/files/working_dir/RCIschemas/tx_fixed_asset.avsc.
2019-11-15 14:28:58 .... Contador:1.
2019-11-15 14:28:58 .... leer procesados de:
2019-11-15 14:28:58 .... /files/working_dir/RCIschemas/processed/tx_fixed_asset.avsc_processed
2019-11-15 14:28:58 .... Archivo hist:
2019-11-15 14:28:58 .... No hay cambios:create
2019-11-15 14:29:08 .... *****************************************************
2019-11-15 14:29:08 .... 2)Resultado de kite-dataset create tx_fixed_asset
2019-11-15 14:29:08 .... 0
2019-11-15 14:29:08 .... *****************************************************
2019-11-15 14:29:17 .... *****************************************************
2019-11-15 14:29:17 .... 3)Resultado de kite-dataset schema tx_fixed_asset
2019-11-15 14:29:17 .... 0
2019-11-15 14:29:17 .... *****************************************************
2019-11-15 14:29:17 .... Res borrar /files/working_dir/RCIschemas/processed//:0
2019-11-15 14:29:17 .... ./files/working_dir/RCIschemas/tx_fixed_asset.avsc.
2019-11-15 14:29:17 .... ./files/working_dir/RCIschemas/tx_fixed_asset.avsc.
2019-11-15 14:29:17 .... name:/files/working_dir/RCIschemas/processed/tx_fixed_asset.avsc_processed.
2019-11-15 14:29:17 .... *****************************************************
