Inicio ejecucion     : 2019-11-15 21:59:18
Script               : /home/raw_rci/attdlkrci3/shells/rci_ingesta_generacion_avro.sh
Numero de argumentos : [5]
#---------------------------------------------------------------#
#---------------------------------------------------------------#
2019-11-15 21:59:18 .... Lectura del archivo: /home/raw_rci/attdlkrci3/config/pro_rci_ingesta_generacion_avro.properties
2019-11-15 21:59:18 .... /home/raw_rci/attdlkrci3/config/pro_rci_ingesta_generacion_avro.properties listo para leer.
2019-11-15 21:59:18 .... *****************************************************
2019-11-15 21:59:18 .... Fecha entera obtenida: 20191115
2019-11-15 21:59:19 .... Fecha anterior obtenida: 20191115
2019-11-15 21:59:19 .... *****************************************************
2019-11-15 21:59:19 .... Se procesara el archivo: 
2019-11-15 21:59:19 .... Se creara tabla: 
2019-11-15 21:59:19 .... Location es: 
2019-11-15 21:59:19 .... Path respaldo: 
2019-11-15 21:59:19 .... *****************************************************
2019-11-15 21:59:19 .... Generar el avsc generico
2019-11-15 21:59:19 .... Schema:.
2019-11-15 21:59:19 .... Contador:1.
2019-11-15 21:59:19 .... leer procesados de:
2019-11-15 21:59:19 .... _processed
2019-11-15 21:59:19 .... Archivo hist:
2019-11-15 21:59:19 .... No hay cambios:create
2019-11-15 21:59:25 .... *****************************************************
2019-11-15 21:59:25 .... 2)Resultado de kite-dataset create 
2019-11-15 21:59:26 .... 1
2019-11-15 21:59:26 .... *****************************************************
2019-11-15 21:59:32 .... *****************************************************
2019-11-15 21:59:32 .... 3)Resultado de kite-dataset schema 
2019-11-15 21:59:32 .... 1
2019-11-15 21:59:32 .... *****************************************************
2019-11-15 21:59:32 .... Res borrar /:0
2019-11-15 21:59:32 .... ..
2019-11-15 21:59:32 .... ..
2019-11-15 21:59:32 .... name:_processed.
2019-11-15 21:59:32 .... *****************************************************
